1549090221918	mozrunner::runner	INFO	Running command: "/usr/bin/firefox" "-marionette" "-foreground" "-no-remote" "-profile" "/tmp/rust_mozprofile.bl3iKfBTE4pD"
1549090222839	addons.xpi-utils	WARN	Add-on langpack-en-CA@firefox.mozilla.org is not compatible with application version.
1549090222840	addons.xpi-utils	WARN	Add-on langpack-en-CA@firefox.mozilla.org is not compatible with application version.
1549090222840	addons.xpi-utils	WARN	Add-on langpack-en-CA@firefox.mozilla.org is not compatible with application version.
1549090222859	addons.xpi-utils	WARN	Add-on langpack-en-ZA@firefox.mozilla.org is not compatible with application version.
1549090222859	addons.xpi-utils	WARN	Add-on langpack-en-ZA@firefox.mozilla.org is not compatible with application version.
1549090222859	addons.xpi-utils	WARN	Add-on langpack-en-ZA@firefox.mozilla.org is not compatible with application version.
1549090222872	addons.xpi-utils	WARN	Add-on langpack-en-GB@firefox.mozilla.org is not compatible with application version.
1549090222872	addons.xpi-utils	WARN	Add-on langpack-en-GB@firefox.mozilla.org is not compatible with application version.
1549090222873	addons.xpi-utils	WARN	Add-on langpack-en-GB@firefox.mozilla.org is not compatible with application version.
1549090222888	addons.xpi-utils	WARN	Add-on langpack-zh-CN@firefox.mozilla.org is not compatible with application version.
1549090222889	addons.xpi-utils	WARN	Add-on langpack-zh-CN@firefox.mozilla.org is not compatible with application version.
1549090222889	addons.xpi-utils	WARN	Add-on langpack-zh-CN@firefox.mozilla.org is not compatible with application version.
1549090223208	addons.xpi-utils	WARN	Add-on langpack-en-CA@firefox.mozilla.org is not compatible with application version.
1549090223208	addons.xpi-utils	WARN	Add-on langpack-en-ZA@firefox.mozilla.org is not compatible with application version.
1549090223208	addons.xpi-utils	WARN	Add-on langpack-en-GB@firefox.mozilla.org is not compatible with application version.
1549090223208	addons.xpi-utils	WARN	Add-on langpack-zh-CN@firefox.mozilla.org is not compatible with application version.
1549090223208	addons.xpi-utils	WARN	Add-on langpack-en-CA@firefox.mozilla.org is not compatible with application version.
1549090223209	addons.xpi-utils	WARN	Add-on langpack-en-ZA@firefox.mozilla.org is not compatible with application version.
1549090223209	addons.xpi-utils	WARN	Add-on langpack-en-GB@firefox.mozilla.org is not compatible with application version.
1549090223209	addons.xpi-utils	WARN	Add-on langpack-zh-CN@firefox.mozilla.org is not compatible with application version.
1549090223209	addons.xpi-utils	WARN	Add-on langpack-en-CA@firefox.mozilla.org is not compatible with application version.
1549090223209	addons.xpi-utils	WARN	Add-on langpack-en-ZA@firefox.mozilla.org is not compatible with application version.
1549090223209	addons.xpi-utils	WARN	Add-on langpack-en-GB@firefox.mozilla.org is not compatible with application version.
1549090223209	addons.xpi-utils	WARN	Add-on langpack-zh-CN@firefox.mozilla.org is not compatible with application version.
1549090223211	addons.xpi-utils	WARN	Add-on langpack-en-CA@firefox.mozilla.org is not compatible with application version.
1549090223211	addons.xpi-utils	WARN	Add-on langpack-en-ZA@firefox.mozilla.org is not compatible with application version.
1549090223211	addons.xpi-utils	WARN	Add-on langpack-en-GB@firefox.mozilla.org is not compatible with application version.
1549090223211	addons.xpi-utils	WARN	Add-on langpack-zh-CN@firefox.mozilla.org is not compatible with application version.
1549090223211	addons.xpi-utils	WARN	Add-on langpack-en-CA@firefox.mozilla.org is not compatible with application version.
1549090223211	addons.xpi-utils	WARN	Add-on langpack-en-ZA@firefox.mozilla.org is not compatible with application version.
1549090223211	addons.xpi-utils	WARN	Add-on langpack-en-GB@firefox.mozilla.org is not compatible with application version.
1549090223211	addons.xpi-utils	WARN	Add-on langpack-zh-CN@firefox.mozilla.org is not compatible with application version.
1549090223226	addons.xpi-utils	WARN	Add-on langpack-en-CA@firefox.mozilla.org is not compatible with application version.
1549090223226	addons.xpi-utils	WARN	Add-on langpack-en-ZA@firefox.mozilla.org is not compatible with application version.
1549090223226	addons.xpi-utils	WARN	Add-on langpack-en-GB@firefox.mozilla.org is not compatible with application version.
1549090223226	addons.xpi-utils	WARN	Add-on langpack-zh-CN@firefox.mozilla.org is not compatible with application version.
1549090225529	Marionette	INFO	Listening on port 41233
1549090225559	Marionette	WARN	TLS certificate errors will be ignored for this session
JavaScript error: http://inventwithpython.com/js/bootstrap.min.js, line 7: Error: Bootstrap tooltips require Tether (http://tether.io/)
1549090258345	mozrunner::runner	INFO	Running command: "/usr/bin/firefox" "-marionette" "-foreground" "-no-remote" "-profile" "/tmp/rust_mozprofile.iwbbWbSjmL4L"
1549090259095	addons.xpi-utils	WARN	Add-on langpack-en-CA@firefox.mozilla.org is not compatible with application version.
1549090259095	addons.xpi-utils	WARN	Add-on langpack-en-CA@firefox.mozilla.org is not compatible with application version.
1549090259095	addons.xpi-utils	WARN	Add-on langpack-en-CA@firefox.mozilla.org is not compatible with application version.
1549090259106	addons.xpi-utils	WARN	Add-on langpack-en-ZA@firefox.mozilla.org is not compatible with application version.
1549090259106	addons.xpi-utils	WARN	Add-on langpack-en-ZA@firefox.mozilla.org is not compatible with application version.
1549090259107	addons.xpi-utils	WARN	Add-on langpack-en-ZA@firefox.mozilla.org is not compatible with application version.
1549090259118	addons.xpi-utils	WARN	Add-on langpack-en-GB@firefox.mozilla.org is not compatible with application version.
1549090259118	addons.xpi-utils	WARN	Add-on langpack-en-GB@firefox.mozilla.org is not compatible with application version.
1549090259120	addons.xpi-utils	WARN	Add-on langpack-en-GB@firefox.mozilla.org is not compatible with application version.
1549090259133	addons.xpi-utils	WARN	Add-on langpack-zh-CN@firefox.mozilla.org is not compatible with application version.
1549090259134	addons.xpi-utils	WARN	Add-on langpack-zh-CN@firefox.mozilla.org is not compatible with application version.
1549090259134	addons.xpi-utils	WARN	Add-on langpack-zh-CN@firefox.mozilla.org is not compatible with application version.
1549090259391	addons.xpi-utils	WARN	Add-on langpack-en-CA@firefox.mozilla.org is not compatible with application version.
1549090259392	addons.xpi-utils	WARN	Add-on langpack-en-ZA@firefox.mozilla.org is not compatible with application version.
1549090259392	addons.xpi-utils	WARN	Add-on langpack-en-GB@firefox.mozilla.org is not compatible with application version.
1549090259392	addons.xpi-utils	WARN	Add-on langpack-zh-CN@firefox.mozilla.org is not compatible with application version.
1549090259392	addons.xpi-utils	WARN	Add-on langpack-en-CA@firefox.mozilla.org is not compatible with application version.
1549090259392	addons.xpi-utils	WARN	Add-on langpack-en-ZA@firefox.mozilla.org is not compatible with application version.
1549090259392	addons.xpi-utils	WARN	Add-on langpack-en-GB@firefox.mozilla.org is not compatible with application version.
1549090259392	addons.xpi-utils	WARN	Add-on langpack-zh-CN@firefox.mozilla.org is not compatible with application version.
1549090259393	addons.xpi-utils	WARN	Add-on langpack-en-CA@firefox.mozilla.org is not compatible with application version.
1549090259393	addons.xpi-utils	WARN	Add-on langpack-en-ZA@firefox.mozilla.org is not compatible with application version.
1549090259394	addons.xpi-utils	WARN	Add-on langpack-en-GB@firefox.mozilla.org is not compatible with application version.
1549090259394	addons.xpi-utils	WARN	Add-on langpack-zh-CN@firefox.mozilla.org is not compatible with application version.
1549090259395	addons.xpi-utils	WARN	Add-on langpack-en-CA@firefox.mozilla.org is not compatible with application version.
1549090259395	addons.xpi-utils	WARN	Add-on langpack-en-ZA@firefox.mozilla.org is not compatible with application version.
1549090259395	addons.xpi-utils	WARN	Add-on langpack-en-GB@firefox.mozilla.org is not compatible with application version.
1549090259395	addons.xpi-utils	WARN	Add-on langpack-zh-CN@firefox.mozilla.org is not compatible with application version.
1549090259396	addons.xpi-utils	WARN	Add-on langpack-en-CA@firefox.mozilla.org is not compatible with application version.
1549090259396	addons.xpi-utils	WARN	Add-on langpack-en-ZA@firefox.mozilla.org is not compatible with application version.
1549090259396	addons.xpi-utils	WARN	Add-on langpack-en-GB@firefox.mozilla.org is not compatible with application version.
1549090259396	addons.xpi-utils	WARN	Add-on langpack-zh-CN@firefox.mozilla.org is not compatible with application version.
1549090259410	addons.xpi-utils	WARN	Add-on langpack-en-CA@firefox.mozilla.org is not compatible with application version.
1549090259410	addons.xpi-utils	WARN	Add-on langpack-en-ZA@firefox.mozilla.org is not compatible with application version.
1549090259410	addons.xpi-utils	WARN	Add-on langpack-en-GB@firefox.mozilla.org is not compatible with application version.
1549090259410	addons.xpi-utils	WARN	Add-on langpack-zh-CN@firefox.mozilla.org is not compatible with application version.
1549090261479	Marionette	INFO	Listening on port 46203
1549090261545	Marionette	WARN	TLS certificate errors will be ignored for this session
JavaScript error: http://inventwithpython.com/js/bootstrap.min.js, line 7: Error: Bootstrap tooltips require Tether (http://tether.io/)
1549090467021	mozrunner::runner	INFO	Running command: "/usr/bin/firefox" "-marionette" "-foreground" "-no-remote" "-profile" "/tmp/rust_mozprofile.bAMaR6k0ut3z"
1549090467644	addons.xpi-utils	WARN	Add-on langpack-en-CA@firefox.mozilla.org is not compatible with application version.
1549090467645	addons.xpi-utils	WARN	Add-on langpack-en-CA@firefox.mozilla.org is not compatible with application version.
1549090467645	addons.xpi-utils	WARN	Add-on langpack-en-CA@firefox.mozilla.org is not compatible with application version.
1549090467656	addons.xpi-utils	WARN	Add-on langpack-en-ZA@firefox.mozilla.org is not compatible with application version.
1549090467656	addons.xpi-utils	WARN	Add-on langpack-en-ZA@firefox.mozilla.org is not compatible with application version.
1549090467657	addons.xpi-utils	WARN	Add-on langpack-en-ZA@firefox.mozilla.org is not compatible with application version.
1549090467668	addons.xpi-utils	WARN	Add-on langpack-en-GB@firefox.mozilla.org is not compatible with application version.
1549090467668	addons.xpi-utils	WARN	Add-on langpack-en-GB@firefox.mozilla.org is not compatible with application version.
1549090467669	addons.xpi-utils	WARN	Add-on langpack-en-GB@firefox.mozilla.org is not compatible with application version.
1549090467684	addons.xpi-utils	WARN	Add-on langpack-zh-CN@firefox.mozilla.org is not compatible with application version.
1549090467684	addons.xpi-utils	WARN	Add-on langpack-zh-CN@firefox.mozilla.org is not compatible with application version.
1549090467685	addons.xpi-utils	WARN	Add-on langpack-zh-CN@firefox.mozilla.org is not compatible with application version.
1549090467855	addons.xpi-utils	WARN	Add-on langpack-en-CA@firefox.mozilla.org is not compatible with application version.
1549090467856	addons.xpi-utils	WARN	Add-on langpack-en-ZA@firefox.mozilla.org is not compatible with application version.
1549090467856	addons.xpi-utils	WARN	Add-on langpack-en-GB@firefox.mozilla.org is not compatible with application version.
1549090467856	addons.xpi-utils	WARN	Add-on langpack-zh-CN@firefox.mozilla.org is not compatible with application version.
1549090467856	addons.xpi-utils	WARN	Add-on langpack-en-CA@firefox.mozilla.org is not compatible with application version.
1549090467856	addons.xpi-utils	WARN	Add-on langpack-en-ZA@firefox.mozilla.org is not compatible with application version.
1549090467856	addons.xpi-utils	WARN	Add-on langpack-en-GB@firefox.mozilla.org is not compatible with application version.
1549090467856	addons.xpi-utils	WARN	Add-on langpack-zh-CN@firefox.mozilla.org is not compatible with application version.
1549090467857	addons.xpi-utils	WARN	Add-on langpack-en-CA@firefox.mozilla.org is not compatible with application version.
1549090467857	addons.xpi-utils	WARN	Add-on langpack-en-ZA@firefox.mozilla.org is not compatible with application version.
1549090467857	addons.xpi-utils	WARN	Add-on langpack-en-GB@firefox.mozilla.org is not compatible with application version.
1549090467857	addons.xpi-utils	WARN	Add-on langpack-zh-CN@firefox.mozilla.org is not compatible with application version.
1549090467858	addons.xpi-utils	WARN	Add-on langpack-en-CA@firefox.mozilla.org is not compatible with application version.
1549090467858	addons.xpi-utils	WARN	Add-on langpack-en-ZA@firefox.mozilla.org is not compatible with application version.
1549090467858	addons.xpi-utils	WARN	Add-on langpack-en-GB@firefox.mozilla.org is not compatible with application version.
1549090467859	addons.xpi-utils	WARN	Add-on langpack-zh-CN@firefox.mozilla.org is not compatible with application version.
1549090467859	addons.xpi-utils	WARN	Add-on langpack-en-CA@firefox.mozilla.org is not compatible with application version.
1549090467859	addons.xpi-utils	WARN	Add-on langpack-en-ZA@firefox.mozilla.org is not compatible with application version.
1549090467859	addons.xpi-utils	WARN	Add-on langpack-en-GB@firefox.mozilla.org is not compatible with application version.
1549090467859	addons.xpi-utils	WARN	Add-on langpack-zh-CN@firefox.mozilla.org is not compatible with application version.
1549090467873	addons.xpi-utils	WARN	Add-on langpack-en-CA@firefox.mozilla.org is not compatible with application version.
1549090467873	addons.xpi-utils	WARN	Add-on langpack-en-ZA@firefox.mozilla.org is not compatible with application version.
1549090467873	addons.xpi-utils	WARN	Add-on langpack-en-GB@firefox.mozilla.org is not compatible with application version.
1549090467873	addons.xpi-utils	WARN	Add-on langpack-zh-CN@firefox.mozilla.org is not compatible with application version.
1549090469627	Marionette	INFO	Listening on port 44911
1549090469655	Marionette	WARN	TLS certificate errors will be ignored for this session
JavaScript error: http://inventwithpython.com/js/bootstrap.min.js, line 7: Error: Bootstrap tooltips require Tether (http://tether.io/)
1549090507801	mozrunner::runner	INFO	Running command: "/usr/bin/firefox" "-marionette" "-foreground" "-no-remote" "-profile" "/tmp/rust_mozprofile.HYcMJtSD3fDN"
1549090511685	addons.xpi-utils	WARN	Add-on langpack-en-CA@firefox.mozilla.org is not compatible with application version.
1549090511685	addons.xpi-utils	WARN	Add-on langpack-en-CA@firefox.mozilla.org is not compatible with application version.
1549090511686	addons.xpi-utils	WARN	Add-on langpack-en-CA@firefox.mozilla.org is not compatible with application version.
1549090511698	addons.xpi-utils	WARN	Add-on langpack-en-ZA@firefox.mozilla.org is not compatible with application version.
1549090511698	addons.xpi-utils	WARN	Add-on langpack-en-ZA@firefox.mozilla.org is not compatible with application version.
1549090511699	addons.xpi-utils	WARN	Add-on langpack-en-ZA@firefox.mozilla.org is not compatible with application version.
1549090511716	addons.xpi-utils	WARN	Add-on langpack-en-GB@firefox.mozilla.org is not compatible with application version.
1549090511716	addons.xpi-utils	WARN	Add-on langpack-en-GB@firefox.mozilla.org is not compatible with application version.
1549090511716	addons.xpi-utils	WARN	Add-on langpack-en-GB@firefox.mozilla.org is not compatible with application version.
1549090511727	addons.xpi-utils	WARN	Add-on langpack-zh-CN@firefox.mozilla.org is not compatible with application version.
1549090511727	addons.xpi-utils	WARN	Add-on langpack-zh-CN@firefox.mozilla.org is not compatible with application version.
1549090511727	addons.xpi-utils	WARN	Add-on langpack-zh-CN@firefox.mozilla.org is not compatible with application version.
1549090512551	addons.xpi-utils	WARN	Add-on langpack-en-CA@firefox.mozilla.org is not compatible with application version.
1549090512551	addons.xpi-utils	WARN	Add-on langpack-en-ZA@firefox.mozilla.org is not compatible with application version.
1549090512551	addons.xpi-utils	WARN	Add-on langpack-en-GB@firefox.mozilla.org is not compatible with application version.
1549090512552	addons.xpi-utils	WARN	Add-on langpack-zh-CN@firefox.mozilla.org is not compatible with application version.
1549090512552	addons.xpi-utils	WARN	Add-on langpack-en-CA@firefox.mozilla.org is not compatible with application version.
1549090512552	addons.xpi-utils	WARN	Add-on langpack-en-ZA@firefox.mozilla.org is not compatible with application version.
1549090512552	addons.xpi-utils	WARN	Add-on langpack-en-GB@firefox.mozilla.org is not compatible with application version.
1549090512552	addons.xpi-utils	WARN	Add-on langpack-zh-CN@firefox.mozilla.org is not compatible with application version.
1549090512552	addons.xpi-utils	WARN	Add-on langpack-en-CA@firefox.mozilla.org is not compatible with application version.
1549090512552	addons.xpi-utils	WARN	Add-on langpack-en-ZA@firefox.mozilla.org is not compatible with application version.
1549090512553	addons.xpi-utils	WARN	Add-on langpack-en-GB@firefox.mozilla.org is not compatible with application version.
1549090512553	addons.xpi-utils	WARN	Add-on langpack-zh-CN@firefox.mozilla.org is not compatible with application version.
1549090512554	addons.xpi-utils	WARN	Add-on langpack-en-CA@firefox.mozilla.org is not compatible with application version.
1549090512554	addons.xpi-utils	WARN	Add-on langpack-en-ZA@firefox.mozilla.org is not compatible with application version.
1549090512554	addons.xpi-utils	WARN	Add-on langpack-en-GB@firefox.mozilla.org is not compatible with application version.
1549090512554	addons.xpi-utils	WARN	Add-on langpack-zh-CN@firefox.mozilla.org is not compatible with application version.
1549090512554	addons.xpi-utils	WARN	Add-on langpack-en-CA@firefox.mozilla.org is not compatible with application version.
1549090512554	addons.xpi-utils	WARN	Add-on langpack-en-ZA@firefox.mozilla.org is not compatible with application version.
1549090512554	addons.xpi-utils	WARN	Add-on langpack-en-GB@firefox.mozilla.org is not compatible with application version.
1549090512554	addons.xpi-utils	WARN	Add-on langpack-zh-CN@firefox.mozilla.org is not compatible with application version.
1549090512587	addons.xpi-utils	WARN	Add-on langpack-en-CA@firefox.mozilla.org is not compatible with application version.
1549090512587	addons.xpi-utils	WARN	Add-on langpack-en-ZA@firefox.mozilla.org is not compatible with application version.
1549090512587	addons.xpi-utils	WARN	Add-on langpack-en-GB@firefox.mozilla.org is not compatible with application version.
1549090512587	addons.xpi-utils	WARN	Add-on langpack-zh-CN@firefox.mozilla.org is not compatible with application version.
1549090516159	Marionette	INFO	Listening on port 36879
1549090516258	Marionette	WARN	TLS certificate errors will be ignored for this session
JavaScript error: http://inventwithpython.com/js/bootstrap.min.js, line 7: Error: Bootstrap tooltips require Tether (http://tether.io/)
JavaScript warning: resource://devtools/shared/base-loader.js -> resource://devtools/client/shared/demangle.js, line 0: Successfully compiled asm.js code (total compilation time 158ms; unable to cache asm.js in synchronous scripts; try loading asm.js via <script async> or createElement('script'))
1549090855533	mozrunner::runner	INFO	Running command: "/usr/bin/firefox" "-marionette" "-foreground" "-no-remote" "-profile" "/tmp/rust_mozprofile.vyfKjNamzoki"
1549090856192	addons.xpi-utils	WARN	Add-on langpack-en-CA@firefox.mozilla.org is not compatible with application version.
1549090856192	addons.xpi-utils	WARN	Add-on langpack-en-CA@firefox.mozilla.org is not compatible with application version.
1549090856192	addons.xpi-utils	WARN	Add-on langpack-en-CA@firefox.mozilla.org is not compatible with application version.
1549090856204	addons.xpi-utils	WARN	Add-on langpack-en-ZA@firefox.mozilla.org is not compatible with application version.
1549090856205	addons.xpi-utils	WARN	Add-on langpack-en-ZA@firefox.mozilla.org is not compatible with application version.
1549090856205	addons.xpi-utils	WARN	Add-on langpack-en-ZA@firefox.mozilla.org is not compatible with application version.
1549090856223	addons.xpi-utils	WARN	Add-on langpack-en-GB@firefox.mozilla.org is not compatible with application version.
1549090856223	addons.xpi-utils	WARN	Add-on langpack-en-GB@firefox.mozilla.org is not compatible with application version.
1549090856223	addons.xpi-utils	WARN	Add-on langpack-en-GB@firefox.mozilla.org is not compatible with application version.
1549090856233	addons.xpi-utils	WARN	Add-on langpack-zh-CN@firefox.mozilla.org is not compatible with application version.
1549090856233	addons.xpi-utils	WARN	Add-on langpack-zh-CN@firefox.mozilla.org is not compatible with application version.
1549090856234	addons.xpi-utils	WARN	Add-on langpack-zh-CN@firefox.mozilla.org is not compatible with application version.
1549090856511	addons.xpi-utils	WARN	Add-on langpack-en-CA@firefox.mozilla.org is not compatible with application version.
1549090856512	addons.xpi-utils	WARN	Add-on langpack-en-ZA@firefox.mozilla.org is not compatible with application version.
1549090856512	addons.xpi-utils	WARN	Add-on langpack-en-GB@firefox.mozilla.org is not compatible with application version.
1549090856512	addons.xpi-utils	WARN	Add-on langpack-zh-CN@firefox.mozilla.org is not compatible with application version.
1549090856512	addons.xpi-utils	WARN	Add-on langpack-en-CA@firefox.mozilla.org is not compatible with application version.
1549090856513	addons.xpi-utils	WARN	Add-on langpack-en-ZA@firefox.mozilla.org is not compatible with application version.
1549090856513	addons.xpi-utils	WARN	Add-on langpack-en-GB@firefox.mozilla.org is not compatible with application version.
1549090856513	addons.xpi-utils	WARN	Add-on langpack-zh-CN@firefox.mozilla.org is not compatible with application version.
1549090856513	addons.xpi-utils	WARN	Add-on langpack-en-CA@firefox.mozilla.org is not compatible with application version.
1549090856513	addons.xpi-utils	WARN	Add-on langpack-en-ZA@firefox.mozilla.org is not compatible with application version.
1549090856513	addons.xpi-utils	WARN	Add-on langpack-en-GB@firefox.mozilla.org is not compatible with application version.
1549090856513	addons.xpi-utils	WARN	Add-on langpack-zh-CN@firefox.mozilla.org is not compatible with application version.
1549090856515	addons.xpi-utils	WARN	Add-on langpack-en-CA@firefox.mozilla.org is not compatible with application version.
1549090856515	addons.xpi-utils	WARN	Add-on langpack-en-ZA@firefox.mozilla.org is not compatible with application version.
1549090856515	addons.xpi-utils	WARN	Add-on langpack-en-GB@firefox.mozilla.org is not compatible with application version.
1549090856515	addons.xpi-utils	WARN	Add-on langpack-zh-CN@firefox.mozilla.org is not compatible with application version.
1549090856515	addons.xpi-utils	WARN	Add-on langpack-en-CA@firefox.mozilla.org is not compatible with application version.
1549090856515	addons.xpi-utils	WARN	Add-on langpack-en-ZA@firefox.mozilla.org is not compatible with application version.
1549090856515	addons.xpi-utils	WARN	Add-on langpack-en-GB@firefox.mozilla.org is not compatible with application version.
1549090856515	addons.xpi-utils	WARN	Add-on langpack-zh-CN@firefox.mozilla.org is not compatible with application version.
1549090856529	addons.xpi-utils	WARN	Add-on langpack-en-CA@firefox.mozilla.org is not compatible with application version.
1549090856529	addons.xpi-utils	WARN	Add-on langpack-en-ZA@firefox.mozilla.org is not compatible with application version.
1549090856529	addons.xpi-utils	WARN	Add-on langpack-en-GB@firefox.mozilla.org is not compatible with application version.
1549090856530	addons.xpi-utils	WARN	Add-on langpack-zh-CN@firefox.mozilla.org is not compatible with application version.
1549090859534	Marionette	INFO	Listening on port 38047
1549090859667	Marionette	WARN	TLS certificate errors will be ignored for this session
JavaScript error: http://inventwithpython.com/js/bootstrap.min.js, line 7: Error: Bootstrap tooltips require Tether (http://tether.io/)
1549091046652	mozrunner::runner	INFO	Running command: "/usr/bin/firefox" "-marionette" "-foreground" "-no-remote" "-profile" "/tmp/rust_mozprofile.kR0tB4q7RNFA"
1549091047384	addons.xpi-utils	WARN	Add-on langpack-en-CA@firefox.mozilla.org is not compatible with application version.
1549091047384	addons.xpi-utils	WARN	Add-on langpack-en-CA@firefox.mozilla.org is not compatible with application version.
1549091047385	addons.xpi-utils	WARN	Add-on langpack-en-CA@firefox.mozilla.org is not compatible with application version.
1549091047396	addons.xpi-utils	WARN	Add-on langpack-en-ZA@firefox.mozilla.org is not compatible with application version.
1549091047397	addons.xpi-utils	WARN	Add-on langpack-en-ZA@firefox.mozilla.org is not compatible with application version.
1549091047397	addons.xpi-utils	WARN	Add-on langpack-en-ZA@firefox.mozilla.org is not compatible with application version.
1549091047414	addons.xpi-utils	WARN	Add-on langpack-en-GB@firefox.mozilla.org is not compatible with application version.
1549091047414	addons.xpi-utils	WARN	Add-on langpack-en-GB@firefox.mozilla.org is not compatible with application version.
1549091047414	addons.xpi-utils	WARN	Add-on langpack-en-GB@firefox.mozilla.org is not compatible with application version.
1549091047424	addons.xpi-utils	WARN	Add-on langpack-zh-CN@firefox.mozilla.org is not compatible with application version.
1549091047425	addons.xpi-utils	WARN	Add-on langpack-zh-CN@firefox.mozilla.org is not compatible with application version.
1549091047425	addons.xpi-utils	WARN	Add-on langpack-zh-CN@firefox.mozilla.org is not compatible with application version.
1549091047624	addons.xpi-utils	WARN	Add-on langpack-en-CA@firefox.mozilla.org is not compatible with application version.
1549091047624	addons.xpi-utils	WARN	Add-on langpack-en-ZA@firefox.mozilla.org is not compatible with application version.
1549091047624	addons.xpi-utils	WARN	Add-on langpack-en-GB@firefox.mozilla.org is not compatible with application version.
1549091047624	addons.xpi-utils	WARN	Add-on langpack-zh-CN@firefox.mozilla.org is not compatible with application version.
1549091047625	addons.xpi-utils	WARN	Add-on langpack-en-CA@firefox.mozilla.org is not compatible with application version.
1549091047625	addons.xpi-utils	WARN	Add-on langpack-en-ZA@firefox.mozilla.org is not compatible with application version.
1549091047625	addons.xpi-utils	WARN	Add-on langpack-en-GB@firefox.mozilla.org is not compatible with application version.
1549091047625	addons.xpi-utils	WARN	Add-on langpack-zh-CN@firefox.mozilla.org is not compatible with application version.
1549091047625	addons.xpi-utils	WARN	Add-on langpack-en-CA@firefox.mozilla.org is not compatible with application version.
1549091047625	addons.xpi-utils	WARN	Add-on langpack-en-ZA@firefox.mozilla.org is not compatible with application version.
1549091047625	addons.xpi-utils	WARN	Add-on langpack-en-GB@firefox.mozilla.org is not compatible with application version.
1549091047625	addons.xpi-utils	WARN	Add-on langpack-zh-CN@firefox.mozilla.org is not compatible with application version.
1549091047627	addons.xpi-utils	WARN	Add-on langpack-en-CA@firefox.mozilla.org is not compatible with application version.
1549091047627	addons.xpi-utils	WARN	Add-on langpack-en-ZA@firefox.mozilla.org is not compatible with application version.
1549091047627	addons.xpi-utils	WARN	Add-on langpack-en-GB@firefox.mozilla.org is not compatible with application version.
1549091047627	addons.xpi-utils	WARN	Add-on langpack-zh-CN@firefox.mozilla.org is not compatible with application version.
1549091047627	addons.xpi-utils	WARN	Add-on langpack-en-CA@firefox.mozilla.org is not compatible with application version.
1549091047627	addons.xpi-utils	WARN	Add-on langpack-en-ZA@firefox.mozilla.org is not compatible with application version.
1549091047627	addons.xpi-utils	WARN	Add-on langpack-en-GB@firefox.mozilla.org is not compatible with application version.
1549091047627	addons.xpi-utils	WARN	Add-on langpack-zh-CN@firefox.mozilla.org is not compatible with application version.
1549091047642	addons.xpi-utils	WARN	Add-on langpack-en-CA@firefox.mozilla.org is not compatible with application version.
1549091047642	addons.xpi-utils	WARN	Add-on langpack-en-ZA@firefox.mozilla.org is not compatible with application version.
1549091047642	addons.xpi-utils	WARN	Add-on langpack-en-GB@firefox.mozilla.org is not compatible with application version.
1549091047642	addons.xpi-utils	WARN	Add-on langpack-zh-CN@firefox.mozilla.org is not compatible with application version.
1549091049775	Marionette	INFO	Listening on port 34041
1549091049825	Marionette	WARN	TLS certificate errors will be ignored for this session
JavaScript error: http://inventwithpython.com/js/bootstrap.min.js, line 7: Error: Bootstrap tooltips require Tether (http://tether.io/)
1549091115600	mozrunner::runner	INFO	Running command: "/usr/bin/firefox" "-marionette" "-foreground" "-no-remote" "-profile" "/tmp/rust_mozprofile.PoLSqFso7aP8"
1549091116296	addons.xpi-utils	WARN	Add-on langpack-en-CA@firefox.mozilla.org is not compatible with application version.
1549091116296	addons.xpi-utils	WARN	Add-on langpack-en-CA@firefox.mozilla.org is not compatible with application version.
1549091116296	addons.xpi-utils	WARN	Add-on langpack-en-CA@firefox.mozilla.org is not compatible with application version.
1549091116308	addons.xpi-utils	WARN	Add-on langpack-en-ZA@firefox.mozilla.org is not compatible with application version.
1549091116308	addons.xpi-utils	WARN	Add-on langpack-en-ZA@firefox.mozilla.org is not compatible with application version.
1549091116309	addons.xpi-utils	WARN	Add-on langpack-en-ZA@firefox.mozilla.org is not compatible with application version.
1549091116326	addons.xpi-utils	WARN	Add-on langpack-en-GB@firefox.mozilla.org is not compatible with application version.
1549091116326	addons.xpi-utils	WARN	Add-on langpack-en-GB@firefox.mozilla.org is not compatible with application version.
1549091116326	addons.xpi-utils	WARN	Add-on langpack-en-GB@firefox.mozilla.org is not compatible with application version.
1549091116335	addons.xpi-utils	WARN	Add-on langpack-zh-CN@firefox.mozilla.org is not compatible with application version.
1549091116336	addons.xpi-utils	WARN	Add-on langpack-zh-CN@firefox.mozilla.org is not compatible with application version.
1549091116336	addons.xpi-utils	WARN	Add-on langpack-zh-CN@firefox.mozilla.org is not compatible with application version.
1549091116594	addons.xpi-utils	WARN	Add-on langpack-en-CA@firefox.mozilla.org is not compatible with application version.
1549091116595	addons.xpi-utils	WARN	Add-on langpack-en-ZA@firefox.mozilla.org is not compatible with application version.
1549091116595	addons.xpi-utils	WARN	Add-on langpack-en-GB@firefox.mozilla.org is not compatible with application version.
1549091116595	addons.xpi-utils	WARN	Add-on langpack-zh-CN@firefox.mozilla.org is not compatible with application version.
1549091116595	addons.xpi-utils	WARN	Add-on langpack-en-CA@firefox.mozilla.org is not compatible with application version.
1549091116595	addons.xpi-utils	WARN	Add-on langpack-en-ZA@firefox.mozilla.org is not compatible with application version.
1549091116595	addons.xpi-utils	WARN	Add-on langpack-en-GB@firefox.mozilla.org is not compatible with application version.
1549091116596	addons.xpi-utils	WARN	Add-on langpack-zh-CN@firefox.mozilla.org is not compatible with application version.
1549091116596	addons.xpi-utils	WARN	Add-on langpack-en-CA@firefox.mozilla.org is not compatible with application version.
1549091116596	addons.xpi-utils	WARN	Add-on langpack-en-ZA@firefox.mozilla.org is not compatible with application version.
1549091116596	addons.xpi-utils	WARN	Add-on langpack-en-GB@firefox.mozilla.org is not compatible with application version.
1549091116596	addons.xpi-utils	WARN	Add-on langpack-zh-CN@firefox.mozilla.org is not compatible with application version.
1549091116598	addons.xpi-utils	WARN	Add-on langpack-en-CA@firefox.mozilla.org is not compatible with application version.
1549091116598	addons.xpi-utils	WARN	Add-on langpack-en-ZA@firefox.mozilla.org is not compatible with application version.
1549091116598	addons.xpi-utils	WARN	Add-on langpack-en-GB@firefox.mozilla.org is not compatible with application version.
1549091116598	addons.xpi-utils	WARN	Add-on langpack-zh-CN@firefox.mozilla.org is not compatible with application version.
1549091116598	addons.xpi-utils	WARN	Add-on langpack-en-CA@firefox.mozilla.org is not compatible with application version.
1549091116598	addons.xpi-utils	WARN	Add-on langpack-en-ZA@firefox.mozilla.org is not compatible with application version.
1549091116598	addons.xpi-utils	WARN	Add-on langpack-en-GB@firefox.mozilla.org is not compatible with application version.
1549091116598	addons.xpi-utils	WARN	Add-on langpack-zh-CN@firefox.mozilla.org is not compatible with application version.
1549091116621	addons.xpi-utils	WARN	Add-on langpack-en-CA@firefox.mozilla.org is not compatible with application version.
1549091116621	addons.xpi-utils	WARN	Add-on langpack-en-ZA@firefox.mozilla.org is not compatible with application version.
1549091116621	addons.xpi-utils	WARN	Add-on langpack-en-GB@firefox.mozilla.org is not compatible with application version.
1549091116621	addons.xpi-utils	WARN	Add-on langpack-zh-CN@firefox.mozilla.org is not compatible with application version.
1549091118504	Marionette	INFO	Listening on port 42869
1549091118539	Marionette	WARN	TLS certificate errors will be ignored for this session
JavaScript error: http://inventwithpython.com/js/bootstrap.min.js, line 7: Error: Bootstrap tooltips require Tether (http://tether.io/)
1549091161598	mozrunner::runner	INFO	Running command: "/usr/bin/firefox" "-marionette" "-foreground" "-no-remote" "-profile" "/tmp/rust_mozprofile.AIoR3f3Mx7fA"
1549091162315	addons.xpi-utils	WARN	Add-on langpack-en-CA@firefox.mozilla.org is not compatible with application version.
1549091162316	addons.xpi-utils	WARN	Add-on langpack-en-CA@firefox.mozilla.org is not compatible with application version.
1549091162316	addons.xpi-utils	WARN	Add-on langpack-en-CA@firefox.mozilla.org is not compatible with application version.
1549091162328	addons.xpi-utils	WARN	Add-on langpack-en-ZA@firefox.mozilla.org is not compatible with application version.
1549091162328	addons.xpi-utils	WARN	Add-on langpack-en-ZA@firefox.mozilla.org is not compatible with application version.
1549091162328	addons.xpi-utils	WARN	Add-on langpack-en-ZA@firefox.mozilla.org is not compatible with application version.
1549091162339	addons.xpi-utils	WARN	Add-on langpack-en-GB@firefox.mozilla.org is not compatible with application version.
1549091162340	addons.xpi-utils	WARN	Add-on langpack-en-GB@firefox.mozilla.org is not compatible with application version.
1549091162341	addons.xpi-utils	WARN	Add-on langpack-en-GB@firefox.mozilla.org is not compatible with application version.
1549091162355	addons.xpi-utils	WARN	Add-on langpack-zh-CN@firefox.mozilla.org is not compatible with application version.
1549091162355	addons.xpi-utils	WARN	Add-on langpack-zh-CN@firefox.mozilla.org is not compatible with application version.
1549091162356	addons.xpi-utils	WARN	Add-on langpack-zh-CN@firefox.mozilla.org is not compatible with application version.
1549091162641	addons.xpi-utils	WARN	Add-on langpack-en-CA@firefox.mozilla.org is not compatible with application version.
1549091162642	addons.xpi-utils	WARN	Add-on langpack-en-ZA@firefox.mozilla.org is not compatible with application version.
1549091162642	addons.xpi-utils	WARN	Add-on langpack-en-GB@firefox.mozilla.org is not compatible with application version.
1549091162642	addons.xpi-utils	WARN	Add-on langpack-zh-CN@firefox.mozilla.org is not compatible with application version.
1549091162642	addons.xpi-utils	WARN	Add-on langpack-en-CA@firefox.mozilla.org is not compatible with application version.
1549091162642	addons.xpi-utils	WARN	Add-on langpack-en-ZA@firefox.mozilla.org is not compatible with application version.
1549091162642	addons.xpi-utils	WARN	Add-on langpack-en-GB@firefox.mozilla.org is not compatible with application version.
1549091162642	addons.xpi-utils	WARN	Add-on langpack-zh-CN@firefox.mozilla.org is not compatible with application version.
1549091162643	addons.xpi-utils	WARN	Add-on langpack-en-CA@firefox.mozilla.org is not compatible with application version.
1549091162643	addons.xpi-utils	WARN	Add-on langpack-en-ZA@firefox.mozilla.org is not compatible with application version.
1549091162643	addons.xpi-utils	WARN	Add-on langpack-en-GB@firefox.mozilla.org is not compatible with application version.
1549091162643	addons.xpi-utils	WARN	Add-on langpack-zh-CN@firefox.mozilla.org is not compatible with application version.
1549091162647	addons.xpi-utils	WARN	Add-on langpack-en-CA@firefox.mozilla.org is not compatible with application version.
1549091162648	addons.xpi-utils	WARN	Add-on langpack-en-ZA@firefox.mozilla.org is not compatible with application version.
1549091162648	addons.xpi-utils	WARN	Add-on langpack-en-GB@firefox.mozilla.org is not compatible with application version.
1549091162648	addons.xpi-utils	WARN	Add-on langpack-zh-CN@firefox.mozilla.org is not compatible with application version.
1549091162648	addons.xpi-utils	WARN	Add-on langpack-en-CA@firefox.mozilla.org is not compatible with application version.
1549091162648	addons.xpi-utils	WARN	Add-on langpack-en-ZA@firefox.mozilla.org is not compatible with application version.
1549091162648	addons.xpi-utils	WARN	Add-on langpack-en-GB@firefox.mozilla.org is not compatible with application version.
1549091162648	addons.xpi-utils	WARN	Add-on langpack-zh-CN@firefox.mozilla.org is not compatible with application version.
1549091162667	addons.xpi-utils	WARN	Add-on langpack-en-CA@firefox.mozilla.org is not compatible with application version.
1549091162667	addons.xpi-utils	WARN	Add-on langpack-en-ZA@firefox.mozilla.org is not compatible with application version.
1549091162667	addons.xpi-utils	WARN	Add-on langpack-en-GB@firefox.mozilla.org is not compatible with application version.
1549091162667	addons.xpi-utils	WARN	Add-on langpack-zh-CN@firefox.mozilla.org is not compatible with application version.
1549091165198	Marionette	INFO	Listening on port 34867
1549091165308	Marionette	WARN	TLS certificate errors will be ignored for this session
JavaScript error: http://inventwithpython.com/js/bootstrap.min.js, line 7: Error: Bootstrap tooltips require Tether (http://tether.io/)
1549091236727	mozrunner::runner	INFO	Running command: "/usr/bin/firefox" "-marionette" "-foreground" "-no-remote" "-profile" "/tmp/rust_mozprofile.Rstd0cFiwoXS"
1549091238434	addons.xpi-utils	WARN	Add-on langpack-en-CA@firefox.mozilla.org is not compatible with application version.
1549091238434	addons.xpi-utils	WARN	Add-on langpack-en-CA@firefox.mozilla.org is not compatible with application version.
1549091238435	addons.xpi-utils	WARN	Add-on langpack-en-CA@firefox.mozilla.org is not compatible with application version.
1549091238448	addons.xpi-utils	WARN	Add-on langpack-en-ZA@firefox.mozilla.org is not compatible with application version.
1549091238448	addons.xpi-utils	WARN	Add-on langpack-en-ZA@firefox.mozilla.org is not compatible with application version.
1549091238448	addons.xpi-utils	WARN	Add-on langpack-en-ZA@firefox.mozilla.org is not compatible with application version.
1549091238466	addons.xpi-utils	WARN	Add-on langpack-en-GB@firefox.mozilla.org is not compatible with application version.
1549091238466	addons.xpi-utils	WARN	Add-on langpack-en-GB@firefox.mozilla.org is not compatible with application version.
1549091238467	addons.xpi-utils	WARN	Add-on langpack-en-GB@firefox.mozilla.org is not compatible with application version.
1549091238476	addons.xpi-utils	WARN	Add-on langpack-zh-CN@firefox.mozilla.org is not compatible with application version.
1549091238477	addons.xpi-utils	WARN	Add-on langpack-zh-CN@firefox.mozilla.org is not compatible with application version.
1549091238477	addons.xpi-utils	WARN	Add-on langpack-zh-CN@firefox.mozilla.org is not compatible with application version.
1549091238683	addons.xpi-utils	WARN	Add-on langpack-en-CA@firefox.mozilla.org is not compatible with application version.
1549091238683	addons.xpi-utils	WARN	Add-on langpack-en-ZA@firefox.mozilla.org is not compatible with application version.
1549091238683	addons.xpi-utils	WARN	Add-on langpack-en-GB@firefox.mozilla.org is not compatible with application version.
1549091238683	addons.xpi-utils	WARN	Add-on langpack-zh-CN@firefox.mozilla.org is not compatible with application version.
1549091238684	addons.xpi-utils	WARN	Add-on langpack-en-CA@firefox.mozilla.org is not compatible with application version.
1549091238684	addons.xpi-utils	WARN	Add-on langpack-en-ZA@firefox.mozilla.org is not compatible with application version.
1549091238684	addons.xpi-utils	WARN	Add-on langpack-en-GB@firefox.mozilla.org is not compatible with application version.
1549091238684	addons.xpi-utils	WARN	Add-on langpack-zh-CN@firefox.mozilla.org is not compatible with application version.
1549091238684	addons.xpi-utils	WARN	Add-on langpack-en-CA@firefox.mozilla.org is not compatible with application version.
1549091238684	addons.xpi-utils	WARN	Add-on langpack-en-ZA@firefox.mozilla.org is not compatible with application version.
1549091238684	addons.xpi-utils	WARN	Add-on langpack-en-GB@firefox.mozilla.org is not compatible with application version.
1549091238684	addons.xpi-utils	WARN	Add-on langpack-zh-CN@firefox.mozilla.org is not compatible with application version.
1549091238686	addons.xpi-utils	WARN	Add-on langpack-en-CA@firefox.mozilla.org is not compatible with application version.
1549091238686	addons.xpi-utils	WARN	Add-on langpack-en-ZA@firefox.mozilla.org is not compatible with application version.
1549091238686	addons.xpi-utils	WARN	Add-on langpack-en-GB@firefox.mozilla.org is not compatible with application version.
1549091238686	addons.xpi-utils	WARN	Add-on langpack-zh-CN@firefox.mozilla.org is not compatible with application version.
1549091238686	addons.xpi-utils	WARN	Add-on langpack-en-CA@firefox.mozilla.org is not compatible with application version.
1549091238686	addons.xpi-utils	WARN	Add-on langpack-en-ZA@firefox.mozilla.org is not compatible with application version.
1549091238686	addons.xpi-utils	WARN	Add-on langpack-en-GB@firefox.mozilla.org is not compatible with application version.
1549091238686	addons.xpi-utils	WARN	Add-on langpack-zh-CN@firefox.mozilla.org is not compatible with application version.
1549091238702	addons.xpi-utils	WARN	Add-on langpack-en-CA@firefox.mozilla.org is not compatible with application version.
1549091238702	addons.xpi-utils	WARN	Add-on langpack-en-ZA@firefox.mozilla.org is not compatible with application version.
1549091238702	addons.xpi-utils	WARN	Add-on langpack-en-GB@firefox.mozilla.org is not compatible with application version.
1549091238702	addons.xpi-utils	WARN	Add-on langpack-zh-CN@firefox.mozilla.org is not compatible with application version.
1549091240724	Marionette	INFO	Listening on port 35229
1549091240815	Marionette	WARN	TLS certificate errors will be ignored for this session
JavaScript error: http://inventwithpython.com/js/bootstrap.min.js, line 7: Error: Bootstrap tooltips require Tether (http://tether.io/)
1549091286843	mozrunner::runner	INFO	Running command: "/usr/bin/firefox" "-marionette" "-foreground" "-no-remote" "-profile" "/tmp/rust_mozprofile.XbPrT9UEw3Ct"
1549091287640	addons.xpi-utils	WARN	Add-on langpack-en-CA@firefox.mozilla.org is not compatible with application version.
1549091287641	addons.xpi-utils	WARN	Add-on langpack-en-CA@firefox.mozilla.org is not compatible with application version.
1549091287641	addons.xpi-utils	WARN	Add-on langpack-en-CA@firefox.mozilla.org is not compatible with application version.
1549091287654	addons.xpi-utils	WARN	Add-on langpack-en-ZA@firefox.mozilla.org is not compatible with application version.
1549091287654	addons.xpi-utils	WARN	Add-on langpack-en-ZA@firefox.mozilla.org is not compatible with application version.
1549091287654	addons.xpi-utils	WARN	Add-on langpack-en-ZA@firefox.mozilla.org is not compatible with application version.
1549091287671	addons.xpi-utils	WARN	Add-on langpack-en-GB@firefox.mozilla.org is not compatible with application version.
1549091287671	addons.xpi-utils	WARN	Add-on langpack-en-GB@firefox.mozilla.org is not compatible with application version.
1549091287672	addons.xpi-utils	WARN	Add-on langpack-en-GB@firefox.mozilla.org is not compatible with application version.
1549091287681	addons.xpi-utils	WARN	Add-on langpack-zh-CN@firefox.mozilla.org is not compatible with application version.
1549091287682	addons.xpi-utils	WARN	Add-on langpack-zh-CN@firefox.mozilla.org is not compatible with application version.
1549091287682	addons.xpi-utils	WARN	Add-on langpack-zh-CN@firefox.mozilla.org is not compatible with application version.
1549091287859	addons.xpi-utils	WARN	Add-on langpack-en-CA@firefox.mozilla.org is not compatible with application version.
1549091287860	addons.xpi-utils	WARN	Add-on langpack-en-ZA@firefox.mozilla.org is not compatible with application version.
1549091287860	addons.xpi-utils	WARN	Add-on langpack-en-GB@firefox.mozilla.org is not compatible with application version.
1549091287860	addons.xpi-utils	WARN	Add-on langpack-zh-CN@firefox.mozilla.org is not compatible with application version.
1549091287860	addons.xpi-utils	WARN	Add-on langpack-en-CA@firefox.mozilla.org is not compatible with application version.
1549091287860	addons.xpi-utils	WARN	Add-on langpack-en-ZA@firefox.mozilla.org is not compatible with application version.
1549091287860	addons.xpi-utils	WARN	Add-on langpack-en-GB@firefox.mozilla.org is not compatible with application version.
1549091287861	addons.xpi-utils	WARN	Add-on langpack-zh-CN@firefox.mozilla.org is not compatible with application version.
1549091287861	addons.xpi-utils	WARN	Add-on langpack-en-CA@firefox.mozilla.org is not compatible with application version.
1549091287861	addons.xpi-utils	WARN	Add-on langpack-en-ZA@firefox.mozilla.org is not compatible with application version.
1549091287861	addons.xpi-utils	WARN	Add-on langpack-en-GB@firefox.mozilla.org is not compatible with application version.
1549091287861	addons.xpi-utils	WARN	Add-on langpack-zh-CN@firefox.mozilla.org is not compatible with application version.
1549091287862	addons.xpi-utils	WARN	Add-on langpack-en-CA@firefox.mozilla.org is not compatible with application version.
1549091287862	addons.xpi-utils	WARN	Add-on langpack-en-ZA@firefox.mozilla.org is not compatible with application version.
1549091287862	addons.xpi-utils	WARN	Add-on langpack-en-GB@firefox.mozilla.org is not compatible with application version.
1549091287862	addons.xpi-utils	WARN	Add-on langpack-zh-CN@firefox.mozilla.org is not compatible with application version.
1549091287863	addons.xpi-utils	WARN	Add-on langpack-en-CA@firefox.mozilla.org is not compatible with application version.
1549091287863	addons.xpi-utils	WARN	Add-on langpack-en-ZA@firefox.mozilla.org is not compatible with application version.
1549091287863	addons.xpi-utils	WARN	Add-on langpack-en-GB@firefox.mozilla.org is not compatible with application version.
1549091287863	addons.xpi-utils	WARN	Add-on langpack-zh-CN@firefox.mozilla.org is not compatible with application version.
1549091287877	addons.xpi-utils	WARN	Add-on langpack-en-CA@firefox.mozilla.org is not compatible with application version.
1549091287877	addons.xpi-utils	WARN	Add-on langpack-en-ZA@firefox.mozilla.org is not compatible with application version.
1549091287877	addons.xpi-utils	WARN	Add-on langpack-en-GB@firefox.mozilla.org is not compatible with application version.
1549091287877	addons.xpi-utils	WARN	Add-on langpack-zh-CN@firefox.mozilla.org is not compatible with application version.
1549091290112	Marionette	INFO	Listening on port 44859
1549091290201	Marionette	WARN	TLS certificate errors will be ignored for this session
JavaScript error: http://inventwithpython.com/js/bootstrap.min.js, line 7: Error: Bootstrap tooltips require Tether (http://tether.io/)
1549091387519	mozrunner::runner	INFO	Running command: "/usr/bin/firefox" "-marionette" "-foreground" "-no-remote" "-profile" "/tmp/rust_mozprofile.i9OPCZOd78lC"
1549091388141	addons.xpi-utils	WARN	Add-on langpack-en-CA@firefox.mozilla.org is not compatible with application version.
1549091388141	addons.xpi-utils	WARN	Add-on langpack-en-CA@firefox.mozilla.org is not compatible with application version.
1549091388141	addons.xpi-utils	WARN	Add-on langpack-en-CA@firefox.mozilla.org is not compatible with application version.
1549091388153	addons.xpi-utils	WARN	Add-on langpack-en-ZA@firefox.mozilla.org is not compatible with application version.
1549091388153	addons.xpi-utils	WARN	Add-on langpack-en-ZA@firefox.mozilla.org is not compatible with application version.
1549091388153	addons.xpi-utils	WARN	Add-on langpack-en-ZA@firefox.mozilla.org is not compatible with application version.
1549091388166	addons.xpi-utils	WARN	Add-on langpack-en-GB@firefox.mozilla.org is not compatible with application version.
1549091388166	addons.xpi-utils	WARN	Add-on langpack-en-GB@firefox.mozilla.org is not compatible with application version.
1549091388168	addons.xpi-utils	WARN	Add-on langpack-en-GB@firefox.mozilla.org is not compatible with application version.
1549091388181	addons.xpi-utils	WARN	Add-on langpack-zh-CN@firefox.mozilla.org is not compatible with application version.
1549091388181	addons.xpi-utils	WARN	Add-on langpack-zh-CN@firefox.mozilla.org is not compatible with application version.
1549091388182	addons.xpi-utils	WARN	Add-on langpack-zh-CN@firefox.mozilla.org is not compatible with application version.
1549091388365	addons.xpi-utils	WARN	Add-on langpack-en-CA@firefox.mozilla.org is not compatible with application version.
1549091388365	addons.xpi-utils	WARN	Add-on langpack-en-ZA@firefox.mozilla.org is not compatible with application version.
1549091388365	addons.xpi-utils	WARN	Add-on langpack-en-GB@firefox.mozilla.org is not compatible with application version.
1549091388365	addons.xpi-utils	WARN	Add-on langpack-zh-CN@firefox.mozilla.org is not compatible with application version.
1549091388366	addons.xpi-utils	WARN	Add-on langpack-en-CA@firefox.mozilla.org is not compatible with application version.
1549091388366	addons.xpi-utils	WARN	Add-on langpack-en-ZA@firefox.mozilla.org is not compatible with application version.
1549091388366	addons.xpi-utils	WARN	Add-on langpack-en-GB@firefox.mozilla.org is not compatible with application version.
1549091388366	addons.xpi-utils	WARN	Add-on langpack-zh-CN@firefox.mozilla.org is not compatible with application version.
1549091388366	addons.xpi-utils	WARN	Add-on langpack-en-CA@firefox.mozilla.org is not compatible with application version.
1549091388366	addons.xpi-utils	WARN	Add-on langpack-en-ZA@firefox.mozilla.org is not compatible with application version.
1549091388366	addons.xpi-utils	WARN	Add-on langpack-en-GB@firefox.mozilla.org is not compatible with application version.
1549091388366	addons.xpi-utils	WARN	Add-on langpack-zh-CN@firefox.mozilla.org is not compatible with application version.
1549091388368	addons.xpi-utils	WARN	Add-on langpack-en-CA@firefox.mozilla.org is not compatible with application version.
1549091388368	addons.xpi-utils	WARN	Add-on langpack-en-ZA@firefox.mozilla.org is not compatible with application version.
1549091388368	addons.xpi-utils	WARN	Add-on langpack-en-GB@firefox.mozilla.org is not compatible with application version.
1549091388368	addons.xpi-utils	WARN	Add-on langpack-zh-CN@firefox.mozilla.org is not compatible with application version.
1549091388368	addons.xpi-utils	WARN	Add-on langpack-en-CA@firefox.mozilla.org is not compatible with application version.
1549091388368	addons.xpi-utils	WARN	Add-on langpack-en-ZA@firefox.mozilla.org is not compatible with application version.
1549091388368	addons.xpi-utils	WARN	Add-on langpack-en-GB@firefox.mozilla.org is not compatible with application version.
1549091388368	addons.xpi-utils	WARN	Add-on langpack-zh-CN@firefox.mozilla.org is not compatible with application version.
1549091388383	addons.xpi-utils	WARN	Add-on langpack-en-CA@firefox.mozilla.org is not compatible with application version.
1549091388384	addons.xpi-utils	WARN	Add-on langpack-en-ZA@firefox.mozilla.org is not compatible with application version.
1549091388384	addons.xpi-utils	WARN	Add-on langpack-en-GB@firefox.mozilla.org is not compatible with application version.
1549091388384	addons.xpi-utils	WARN	Add-on langpack-zh-CN@firefox.mozilla.org is not compatible with application version.
1549091393934	Marionette	INFO	Listening on port 40261
1549091393964	Marionette	WARN	TLS certificate errors will be ignored for this session
JavaScript error: http://inventwithpython.com/js/bootstrap.min.js, line 7: Error: Bootstrap tooltips require Tether (http://tether.io/)
1549091430801	mozrunner::runner	INFO	Running command: "/usr/bin/firefox" "-marionette" "-foreground" "-no-remote" "-profile" "/tmp/rust_mozprofile.oEuqUbFGMrEi"
1549091431480	addons.xpi-utils	WARN	Add-on langpack-en-CA@firefox.mozilla.org is not compatible with application version.
1549091431481	addons.xpi-utils	WARN	Add-on langpack-en-CA@firefox.mozilla.org is not compatible with application version.
1549091431481	addons.xpi-utils	WARN	Add-on langpack-en-CA@firefox.mozilla.org is not compatible with application version.
1549091431493	addons.xpi-utils	WARN	Add-on langpack-en-ZA@firefox.mozilla.org is not compatible with application version.
1549091431493	addons.xpi-utils	WARN	Add-on langpack-en-ZA@firefox.mozilla.org is not compatible with application version.
1549091431493	addons.xpi-utils	WARN	Add-on langpack-en-ZA@firefox.mozilla.org is not compatible with application version.
1549091431505	addons.xpi-utils	WARN	Add-on langpack-en-GB@firefox.mozilla.org is not compatible with application version.
1549091431505	addons.xpi-utils	WARN	Add-on langpack-en-GB@firefox.mozilla.org is not compatible with application version.
1549091431507	addons.xpi-utils	WARN	Add-on langpack-en-GB@firefox.mozilla.org is not compatible with application version.
1549091431520	addons.xpi-utils	WARN	Add-on langpack-zh-CN@firefox.mozilla.org is not compatible with application version.
1549091431520	addons.xpi-utils	WARN	Add-on langpack-zh-CN@firefox.mozilla.org is not compatible with application version.
1549091431521	addons.xpi-utils	WARN	Add-on langpack-zh-CN@firefox.mozilla.org is not compatible with application version.
1549091431694	addons.xpi-utils	WARN	Add-on langpack-en-CA@firefox.mozilla.org is not compatible with application version.
1549091431694	addons.xpi-utils	WARN	Add-on langpack-en-ZA@firefox.mozilla.org is not compatible with application version.
1549091431694	addons.xpi-utils	WARN	Add-on langpack-en-GB@firefox.mozilla.org is not compatible with application version.
1549091431694	addons.xpi-utils	WARN	Add-on langpack-zh-CN@firefox.mozilla.org is not compatible with application version.
1549091431695	addons.xpi-utils	WARN	Add-on langpack-en-CA@firefox.mozilla.org is not compatible with application version.
1549091431695	addons.xpi-utils	WARN	Add-on langpack-en-ZA@firefox.mozilla.org is not compatible with application version.
1549091431695	addons.xpi-utils	WARN	Add-on langpack-en-GB@firefox.mozilla.org is not compatible with application version.
1549091431695	addons.xpi-utils	WARN	Add-on langpack-zh-CN@firefox.mozilla.org is not compatible with application version.
1549091431695	addons.xpi-utils	WARN	Add-on langpack-en-CA@firefox.mozilla.org is not compatible with application version.
1549091431695	addons.xpi-utils	WARN	Add-on langpack-en-ZA@firefox.mozilla.org is not compatible with application version.
1549091431695	addons.xpi-utils	WARN	Add-on langpack-en-GB@firefox.mozilla.org is not compatible with application version.
1549091431695	addons.xpi-utils	WARN	Add-on langpack-zh-CN@firefox.mozilla.org is not compatible with application version.
1549091431697	addons.xpi-utils	WARN	Add-on langpack-en-CA@firefox.mozilla.org is not compatible with application version.
1549091431697	addons.xpi-utils	WARN	Add-on langpack-en-ZA@firefox.mozilla.org is not compatible with application version.
1549091431697	addons.xpi-utils	WARN	Add-on langpack-en-GB@firefox.mozilla.org is not compatible with application version.
1549091431697	addons.xpi-utils	WARN	Add-on langpack-zh-CN@firefox.mozilla.org is not compatible with application version.
1549091431697	addons.xpi-utils	WARN	Add-on langpack-en-CA@firefox.mozilla.org is not compatible with application version.
1549091431697	addons.xpi-utils	WARN	Add-on langpack-en-ZA@firefox.mozilla.org is not compatible with application version.
1549091431697	addons.xpi-utils	WARN	Add-on langpack-en-GB@firefox.mozilla.org is not compatible with application version.
1549091431697	addons.xpi-utils	WARN	Add-on langpack-zh-CN@firefox.mozilla.org is not compatible with application version.
1549091431712	addons.xpi-utils	WARN	Add-on langpack-en-CA@firefox.mozilla.org is not compatible with application version.
1549091431712	addons.xpi-utils	WARN	Add-on langpack-en-ZA@firefox.mozilla.org is not compatible with application version.
1549091431712	addons.xpi-utils	WARN	Add-on langpack-en-GB@firefox.mozilla.org is not compatible with application version.
1549091431712	addons.xpi-utils	WARN	Add-on langpack-zh-CN@firefox.mozilla.org is not compatible with application version.
1549091434017	Marionette	INFO	Listening on port 46181
1549091434042	Marionette	WARN	TLS certificate errors will be ignored for this session
JavaScript error: http://inventwithpython.com/js/bootstrap.min.js, line 7: Error: Bootstrap tooltips require Tether (http://tether.io/)
*** UTM:SVC TimerManager:registerTimer called after profile-before-change notification. Ignoring timer registration for id: telemetry_modules_ping
1549091561878	mozrunner::runner	INFO	Running command: "/usr/bin/firefox" "-marionette" "-foreground" "-no-remote" "-profile" "/tmp/rust_mozprofile.kZVswaXi0YZO"
1549091562511	addons.xpi-utils	WARN	Add-on langpack-en-CA@firefox.mozilla.org is not compatible with application version.
1549091562512	addons.xpi-utils	WARN	Add-on langpack-en-CA@firefox.mozilla.org is not compatible with application version.
1549091562512	addons.xpi-utils	WARN	Add-on langpack-en-CA@firefox.mozilla.org is not compatible with application version.
1549091562523	addons.xpi-utils	WARN	Add-on langpack-en-ZA@firefox.mozilla.org is not compatible with application version.
1549091562523	addons.xpi-utils	WARN	Add-on langpack-en-ZA@firefox.mozilla.org is not compatible with application version.
1549091562524	addons.xpi-utils	WARN	Add-on langpack-en-ZA@firefox.mozilla.org is not compatible with application version.
1549091562535	addons.xpi-utils	WARN	Add-on langpack-en-GB@firefox.mozilla.org is not compatible with application version.
1549091562535	addons.xpi-utils	WARN	Add-on langpack-en-GB@firefox.mozilla.org is not compatible with application version.
1549091562536	addons.xpi-utils	WARN	Add-on langpack-en-GB@firefox.mozilla.org is not compatible with application version.
1549091562553	addons.xpi-utils	WARN	Add-on langpack-zh-CN@firefox.mozilla.org is not compatible with application version.
1549091562553	addons.xpi-utils	WARN	Add-on langpack-zh-CN@firefox.mozilla.org is not compatible with application version.
1549091562554	addons.xpi-utils	WARN	Add-on langpack-zh-CN@firefox.mozilla.org is not compatible with application version.
1549091562746	addons.xpi-utils	WARN	Add-on langpack-en-CA@firefox.mozilla.org is not compatible with application version.
1549091562746	addons.xpi-utils	WARN	Add-on langpack-en-ZA@firefox.mozilla.org is not compatible with application version.
1549091562746	addons.xpi-utils	WARN	Add-on langpack-en-GB@firefox.mozilla.org is not compatible with application version.
1549091562746	addons.xpi-utils	WARN	Add-on langpack-zh-CN@firefox.mozilla.org is not compatible with application version.
1549091562747	addons.xpi-utils	WARN	Add-on langpack-en-CA@firefox.mozilla.org is not compatible with application version.
1549091562747	addons.xpi-utils	WARN	Add-on langpack-en-ZA@firefox.mozilla.org is not compatible with application version.
1549091562747	addons.xpi-utils	WARN	Add-on langpack-en-GB@firefox.mozilla.org is not compatible with application version.
1549091562747	addons.xpi-utils	WARN	Add-on langpack-zh-CN@firefox.mozilla.org is not compatible with application version.
1549091562747	addons.xpi-utils	WARN	Add-on langpack-en-CA@firefox.mozilla.org is not compatible with application version.
1549091562747	addons.xpi-utils	WARN	Add-on langpack-en-ZA@firefox.mozilla.org is not compatible with application version.
1549091562747	addons.xpi-utils	WARN	Add-on langpack-en-GB@firefox.mozilla.org is not compatible with application version.
1549091562747	addons.xpi-utils	WARN	Add-on langpack-zh-CN@firefox.mozilla.org is not compatible with application version.
1549091562749	addons.xpi-utils	WARN	Add-on langpack-en-CA@firefox.mozilla.org is not compatible with application version.
1549091562749	addons.xpi-utils	WARN	Add-on langpack-en-ZA@firefox.mozilla.org is not compatible with application version.
1549091562749	addons.xpi-utils	WARN	Add-on langpack-en-GB@firefox.mozilla.org is not compatible with application version.
1549091562749	addons.xpi-utils	WARN	Add-on langpack-zh-CN@firefox.mozilla.org is not compatible with application version.
1549091562749	addons.xpi-utils	WARN	Add-on langpack-en-CA@firefox.mozilla.org is not compatible with application version.
1549091562749	addons.xpi-utils	WARN	Add-on langpack-en-ZA@firefox.mozilla.org is not compatible with application version.
1549091562749	addons.xpi-utils	WARN	Add-on langpack-en-GB@firefox.mozilla.org is not compatible with application version.
1549091562749	addons.xpi-utils	WARN	Add-on langpack-zh-CN@firefox.mozilla.org is not compatible with application version.
1549091562763	addons.xpi-utils	WARN	Add-on langpack-en-CA@firefox.mozilla.org is not compatible with application version.
1549091562763	addons.xpi-utils	WARN	Add-on langpack-en-ZA@firefox.mozilla.org is not compatible with application version.
1549091562763	addons.xpi-utils	WARN	Add-on langpack-en-GB@firefox.mozilla.org is not compatible with application version.
1549091562763	addons.xpi-utils	WARN	Add-on langpack-zh-CN@firefox.mozilla.org is not compatible with application version.
1549091564535	Marionette	INFO	Listening on port 37461
1549091564613	Marionette	WARN	TLS certificate errors will be ignored for this session
JavaScript error: http://inventwithpython.com/js/bootstrap.min.js, line 7: Error: Bootstrap tooltips require Tether (http://tether.io/)
1549091675367	mozrunner::runner	INFO	Running command: "/usr/bin/firefox" "-marionette" "-foreground" "-no-remote" "-profile" "/tmp/rust_mozprofile.gjs2rzNAlMNK"
1549091675975	addons.xpi-utils	WARN	Add-on langpack-en-CA@firefox.mozilla.org is not compatible with application version.
1549091675975	addons.xpi-utils	WARN	Add-on langpack-en-CA@firefox.mozilla.org is not compatible with application version.
1549091675975	addons.xpi-utils	WARN	Add-on langpack-en-CA@firefox.mozilla.org is not compatible with application version.
1549091675987	addons.xpi-utils	WARN	Add-on langpack-en-ZA@firefox.mozilla.org is not compatible with application version.
1549091675987	addons.xpi-utils	WARN	Add-on langpack-en-ZA@firefox.mozilla.org is not compatible with application version.
1549091675988	addons.xpi-utils	WARN	Add-on langpack-en-ZA@firefox.mozilla.org is not compatible with application version.
1549091675999	addons.xpi-utils	WARN	Add-on langpack-en-GB@firefox.mozilla.org is not compatible with application version.
1549091675999	addons.xpi-utils	WARN	Add-on langpack-en-GB@firefox.mozilla.org is not compatible with application version.
1549091676000	addons.xpi-utils	WARN	Add-on langpack-en-GB@firefox.mozilla.org is not compatible with application version.
1549091676014	addons.xpi-utils	WARN	Add-on langpack-zh-CN@firefox.mozilla.org is not compatible with application version.
1549091676014	addons.xpi-utils	WARN	Add-on langpack-zh-CN@firefox.mozilla.org is not compatible with application version.
1549091676014	addons.xpi-utils	WARN	Add-on langpack-zh-CN@firefox.mozilla.org is not compatible with application version.
1549091676181	addons.xpi-utils	WARN	Add-on langpack-en-CA@firefox.mozilla.org is not compatible with application version.
1549091676182	addons.xpi-utils	WARN	Add-on langpack-en-ZA@firefox.mozilla.org is not compatible with application version.
1549091676182	addons.xpi-utils	WARN	Add-on langpack-en-GB@firefox.mozilla.org is not compatible with application version.
1549091676182	addons.xpi-utils	WARN	Add-on langpack-zh-CN@firefox.mozilla.org is not compatible with application version.
1549091676182	addons.xpi-utils	WARN	Add-on langpack-en-CA@firefox.mozilla.org is not compatible with application version.
1549091676182	addons.xpi-utils	WARN	Add-on langpack-en-ZA@firefox.mozilla.org is not compatible with application version.
1549091676182	addons.xpi-utils	WARN	Add-on langpack-en-GB@firefox.mozilla.org is not compatible with application version.
1549091676182	addons.xpi-utils	WARN	Add-on langpack-zh-CN@firefox.mozilla.org is not compatible with application version.
1549091676183	addons.xpi-utils	WARN	Add-on langpack-en-CA@firefox.mozilla.org is not compatible with application version.
1549091676183	addons.xpi-utils	WARN	Add-on langpack-en-ZA@firefox.mozilla.org is not compatible with application version.
1549091676183	addons.xpi-utils	WARN	Add-on langpack-en-GB@firefox.mozilla.org is not compatible with application version.
1549091676183	addons.xpi-utils	WARN	Add-on langpack-zh-CN@firefox.mozilla.org is not compatible with application version.
1549091676184	addons.xpi-utils	WARN	Add-on langpack-en-CA@firefox.mozilla.org is not compatible with application version.
1549091676184	addons.xpi-utils	WARN	Add-on langpack-en-ZA@firefox.mozilla.org is not compatible with application version.
1549091676184	addons.xpi-utils	WARN	Add-on langpack-en-GB@firefox.mozilla.org is not compatible with application version.
1549091676184	addons.xpi-utils	WARN	Add-on langpack-zh-CN@firefox.mozilla.org is not compatible with application version.
1549091676185	addons.xpi-utils	WARN	Add-on langpack-en-CA@firefox.mozilla.org is not compatible with application version.
1549091676185	addons.xpi-utils	WARN	Add-on langpack-en-ZA@firefox.mozilla.org is not compatible with application version.
1549091676185	addons.xpi-utils	WARN	Add-on langpack-en-GB@firefox.mozilla.org is not compatible with application version.
1549091676185	addons.xpi-utils	WARN	Add-on langpack-zh-CN@firefox.mozilla.org is not compatible with application version.
1549091676199	addons.xpi-utils	WARN	Add-on langpack-en-CA@firefox.mozilla.org is not compatible with application version.
1549091676199	addons.xpi-utils	WARN	Add-on langpack-en-ZA@firefox.mozilla.org is not compatible with application version.
1549091676199	addons.xpi-utils	WARN	Add-on langpack-en-GB@firefox.mozilla.org is not compatible with application version.
1549091676199	addons.xpi-utils	WARN	Add-on langpack-zh-CN@firefox.mozilla.org is not compatible with application version.
1549091681639	Marionette	INFO	Listening on port 44815
1549091681702	Marionette	WARN	TLS certificate errors will be ignored for this session
JavaScript error: http://inventwithpython.com/js/bootstrap.min.js, line 7: Error: Bootstrap tooltips require Tether (http://tether.io/)
1549091718664	mozrunner::runner	INFO	Running command: "/usr/bin/firefox" "-marionette" "-foreground" "-no-remote" "-profile" "/tmp/rust_mozprofile.OZudM77JfUpO"
1549091719295	addons.xpi-utils	WARN	Add-on langpack-en-CA@firefox.mozilla.org is not compatible with application version.
1549091719296	addons.xpi-utils	WARN	Add-on langpack-en-CA@firefox.mozilla.org is not compatible with application version.
1549091719296	addons.xpi-utils	WARN	Add-on langpack-en-CA@firefox.mozilla.org is not compatible with application version.
1549091719308	addons.xpi-utils	WARN	Add-on langpack-en-ZA@firefox.mozilla.org is not compatible with application version.
1549091719308	addons.xpi-utils	WARN	Add-on langpack-en-ZA@firefox.mozilla.org is not compatible with application version.
1549091719308	addons.xpi-utils	WARN	Add-on langpack-en-ZA@firefox.mozilla.org is not compatible with application version.
1549091719320	addons.xpi-utils	WARN	Add-on langpack-en-GB@firefox.mozilla.org is not compatible with application version.
1549091719320	addons.xpi-utils	WARN	Add-on langpack-en-GB@firefox.mozilla.org is not compatible with application version.
1549091719321	addons.xpi-utils	WARN	Add-on langpack-en-GB@firefox.mozilla.org is not compatible with application version.
1549091719335	addons.xpi-utils	WARN	Add-on langpack-zh-CN@firefox.mozilla.org is not compatible with application version.
1549091719335	addons.xpi-utils	WARN	Add-on langpack-zh-CN@firefox.mozilla.org is not compatible with application version.
1549091719335	addons.xpi-utils	WARN	Add-on langpack-zh-CN@firefox.mozilla.org is not compatible with application version.
1549091719503	addons.xpi-utils	WARN	Add-on langpack-en-CA@firefox.mozilla.org is not compatible with application version.
1549091719503	addons.xpi-utils	WARN	Add-on langpack-en-ZA@firefox.mozilla.org is not compatible with application version.
1549091719503	addons.xpi-utils	WARN	Add-on langpack-en-GB@firefox.mozilla.org is not compatible with application version.
1549091719503	addons.xpi-utils	WARN	Add-on langpack-zh-CN@firefox.mozilla.org is not compatible with application version.
1549091719504	addons.xpi-utils	WARN	Add-on langpack-en-CA@firefox.mozilla.org is not compatible with application version.
1549091719504	addons.xpi-utils	WARN	Add-on langpack-en-ZA@firefox.mozilla.org is not compatible with application version.
1549091719504	addons.xpi-utils	WARN	Add-on langpack-en-GB@firefox.mozilla.org is not compatible with application version.
1549091719504	addons.xpi-utils	WARN	Add-on langpack-zh-CN@firefox.mozilla.org is not compatible with application version.
1549091719504	addons.xpi-utils	WARN	Add-on langpack-en-CA@firefox.mozilla.org is not compatible with application version.
1549091719504	addons.xpi-utils	WARN	Add-on langpack-en-ZA@firefox.mozilla.org is not compatible with application version.
1549091719504	addons.xpi-utils	WARN	Add-on langpack-en-GB@firefox.mozilla.org is not compatible with application version.
1549091719504	addons.xpi-utils	WARN	Add-on langpack-zh-CN@firefox.mozilla.org is not compatible with application version.
1549091719506	addons.xpi-utils	WARN	Add-on langpack-en-CA@firefox.mozilla.org is not compatible with application version.
1549091719506	addons.xpi-utils	WARN	Add-on langpack-en-ZA@firefox.mozilla.org is not compatible with application version.
1549091719506	addons.xpi-utils	WARN	Add-on langpack-en-GB@firefox.mozilla.org is not compatible with application version.
1549091719506	addons.xpi-utils	WARN	Add-on langpack-zh-CN@firefox.mozilla.org is not compatible with application version.
1549091719506	addons.xpi-utils	WARN	Add-on langpack-en-CA@firefox.mozilla.org is not compatible with application version.
1549091719506	addons.xpi-utils	WARN	Add-on langpack-en-ZA@firefox.mozilla.org is not compatible with application version.
1549091719506	addons.xpi-utils	WARN	Add-on langpack-en-GB@firefox.mozilla.org is not compatible with application version.
1549091719506	addons.xpi-utils	WARN	Add-on langpack-zh-CN@firefox.mozilla.org is not compatible with application version.
1549091719520	addons.xpi-utils	WARN	Add-on langpack-en-CA@firefox.mozilla.org is not compatible with application version.
1549091719520	addons.xpi-utils	WARN	Add-on langpack-en-ZA@firefox.mozilla.org is not compatible with application version.
1549091719520	addons.xpi-utils	WARN	Add-on langpack-en-GB@firefox.mozilla.org is not compatible with application version.
1549091719521	addons.xpi-utils	WARN	Add-on langpack-zh-CN@firefox.mozilla.org is not compatible with application version.
1549091721352	Marionette	INFO	Listening on port 35075
1549091721418	Marionette	WARN	TLS certificate errors will be ignored for this session
JavaScript error: http://inventwithpython.com/js/bootstrap.min.js, line 7: Error: Bootstrap tooltips require Tether (http://tether.io/)
1549092230772	mozrunner::runner	INFO	Running command: "/usr/bin/firefox" "-marionette" "-foreground" "-no-remote" "-profile" "/tmp/rust_mozprofile.HvalUGmpKWV3"
1549092231520	addons.xpi-utils	WARN	Add-on langpack-en-CA@firefox.mozilla.org is not compatible with application version.
1549092231521	addons.xpi-utils	WARN	Add-on langpack-en-CA@firefox.mozilla.org is not compatible with application version.
1549092231521	addons.xpi-utils	WARN	Add-on langpack-en-CA@firefox.mozilla.org is not compatible with application version.
1549092231533	addons.xpi-utils	WARN	Add-on langpack-en-ZA@firefox.mozilla.org is not compatible with application version.
1549092231533	addons.xpi-utils	WARN	Add-on langpack-en-ZA@firefox.mozilla.org is not compatible with application version.
1549092231534	addons.xpi-utils	WARN	Add-on langpack-en-ZA@firefox.mozilla.org is not compatible with application version.
1549092231550	addons.xpi-utils	WARN	Add-on langpack-en-GB@firefox.mozilla.org is not compatible with application version.
1549092231551	addons.xpi-utils	WARN	Add-on langpack-en-GB@firefox.mozilla.org is not compatible with application version.
1549092231551	addons.xpi-utils	WARN	Add-on langpack-en-GB@firefox.mozilla.org is not compatible with application version.
1549092231560	addons.xpi-utils	WARN	Add-on langpack-zh-CN@firefox.mozilla.org is not compatible with application version.
1549092231560	addons.xpi-utils	WARN	Add-on langpack-zh-CN@firefox.mozilla.org is not compatible with application version.
1549092231561	addons.xpi-utils	WARN	Add-on langpack-zh-CN@firefox.mozilla.org is not compatible with application version.
1549092231814	addons.xpi-utils	WARN	Add-on langpack-en-CA@firefox.mozilla.org is not compatible with application version.
1549092231814	addons.xpi-utils	WARN	Add-on langpack-en-ZA@firefox.mozilla.org is not compatible with application version.
1549092231815	addons.xpi-utils	WARN	Add-on langpack-en-GB@firefox.mozilla.org is not compatible with application version.
1549092231815	addons.xpi-utils	WARN	Add-on langpack-zh-CN@firefox.mozilla.org is not compatible with application version.
1549092231815	addons.xpi-utils	WARN	Add-on langpack-en-CA@firefox.mozilla.org is not compatible with application version.
1549092231815	addons.xpi-utils	WARN	Add-on langpack-en-ZA@firefox.mozilla.org is not compatible with application version.
1549092231815	addons.xpi-utils	WARN	Add-on langpack-en-GB@firefox.mozilla.org is not compatible with application version.
1549092231815	addons.xpi-utils	WARN	Add-on langpack-zh-CN@firefox.mozilla.org is not compatible with application version.
1549092231816	addons.xpi-utils	WARN	Add-on langpack-en-CA@firefox.mozilla.org is not compatible with application version.
1549092231816	addons.xpi-utils	WARN	Add-on langpack-en-ZA@firefox.mozilla.org is not compatible with application version.
1549092231816	addons.xpi-utils	WARN	Add-on langpack-en-GB@firefox.mozilla.org is not compatible with application version.
1549092231816	addons.xpi-utils	WARN	Add-on langpack-zh-CN@firefox.mozilla.org is not compatible with application version.
1549092231818	addons.xpi-utils	WARN	Add-on langpack-en-CA@firefox.mozilla.org is not compatible with application version.
1549092231818	addons.xpi-utils	WARN	Add-on langpack-en-ZA@firefox.mozilla.org is not compatible with application version.
1549092231818	addons.xpi-utils	WARN	Add-on langpack-en-GB@firefox.mozilla.org is not compatible with application version.
1549092231818	addons.xpi-utils	WARN	Add-on langpack-zh-CN@firefox.mozilla.org is not compatible with application version.
1549092231818	addons.xpi-utils	WARN	Add-on langpack-en-CA@firefox.mozilla.org is not compatible with application version.
1549092231818	addons.xpi-utils	WARN	Add-on langpack-en-ZA@firefox.mozilla.org is not compatible with application version.
1549092231818	addons.xpi-utils	WARN	Add-on langpack-en-GB@firefox.mozilla.org is not compatible with application version.
1549092231818	addons.xpi-utils	WARN	Add-on langpack-zh-CN@firefox.mozilla.org is not compatible with application version.
1549092231837	addons.xpi-utils	WARN	Add-on langpack-en-CA@firefox.mozilla.org is not compatible with application version.
1549092231837	addons.xpi-utils	WARN	Add-on langpack-en-ZA@firefox.mozilla.org is not compatible with application version.
1549092231837	addons.xpi-utils	WARN	Add-on langpack-en-GB@firefox.mozilla.org is not compatible with application version.
1549092231837	addons.xpi-utils	WARN	Add-on langpack-zh-CN@firefox.mozilla.org is not compatible with application version.
1549092233759	Marionette	INFO	Listening on port 46533
1549092233817	Marionette	WARN	TLS certificate errors will be ignored for this session
JavaScript error: http://inventwithpython.com/js/bootstrap.min.js, line 7: Error: Bootstrap tooltips require Tether (http://tether.io/)
1549092287655	mozrunner::runner	INFO	Running command: "/usr/bin/firefox" "-marionette" "-foreground" "-no-remote" "-profile" "/tmp/rust_mozprofile.8NpVFae4rqOr"
1549092288270	addons.xpi-utils	WARN	Add-on langpack-en-CA@firefox.mozilla.org is not compatible with application version.
1549092288270	addons.xpi-utils	WARN	Add-on langpack-en-CA@firefox.mozilla.org is not compatible with application version.
1549092288270	addons.xpi-utils	WARN	Add-on langpack-en-CA@firefox.mozilla.org is not compatible with application version.
1549092288282	addons.xpi-utils	WARN	Add-on langpack-en-ZA@firefox.mozilla.org is not compatible with application version.
1549092288282	addons.xpi-utils	WARN	Add-on langpack-en-ZA@firefox.mozilla.org is not compatible with application version.
1549092291853	addons.xpi-utils	WARN	Add-on langpack-en-ZA@firefox.mozilla.org is not compatible with application version.
1549092291887	addons.xpi-utils	WARN	Add-on langpack-en-GB@firefox.mozilla.org is not compatible with application version.
1549092291887	addons.xpi-utils	WARN	Add-on langpack-en-GB@firefox.mozilla.org is not compatible with application version.
1549092291887	addons.xpi-utils	WARN	Add-on langpack-en-GB@firefox.mozilla.org is not compatible with application version.
1549092291899	addons.xpi-utils	WARN	Add-on langpack-zh-CN@firefox.mozilla.org is not compatible with application version.
1549092291899	addons.xpi-utils	WARN	Add-on langpack-zh-CN@firefox.mozilla.org is not compatible with application version.
1549092291899	addons.xpi-utils	WARN	Add-on langpack-zh-CN@firefox.mozilla.org is not compatible with application version.
1549092292078	addons.xpi-utils	WARN	Add-on langpack-en-CA@firefox.mozilla.org is not compatible with application version.
1549092292078	addons.xpi-utils	WARN	Add-on langpack-en-ZA@firefox.mozilla.org is not compatible with application version.
1549092292078	addons.xpi-utils	WARN	Add-on langpack-en-GB@firefox.mozilla.org is not compatible with application version.
1549092292078	addons.xpi-utils	WARN	Add-on langpack-zh-CN@firefox.mozilla.org is not compatible with application version.
1549092292079	addons.xpi-utils	WARN	Add-on langpack-en-CA@firefox.mozilla.org is not compatible with application version.
1549092292079	addons.xpi-utils	WARN	Add-on langpack-en-ZA@firefox.mozilla.org is not compatible with application version.
1549092292079	addons.xpi-utils	WARN	Add-on langpack-en-GB@firefox.mozilla.org is not compatible with application version.
1549092292079	addons.xpi-utils	WARN	Add-on langpack-zh-CN@firefox.mozilla.org is not compatible with application version.
1549092292079	addons.xpi-utils	WARN	Add-on langpack-en-CA@firefox.mozilla.org is not compatible with application version.
1549092292079	addons.xpi-utils	WARN	Add-on langpack-en-ZA@firefox.mozilla.org is not compatible with application version.
1549092292079	addons.xpi-utils	WARN	Add-on langpack-en-GB@firefox.mozilla.org is not compatible with application version.
1549092292079	addons.xpi-utils	WARN	Add-on langpack-zh-CN@firefox.mozilla.org is not compatible with application version.
1549092292081	addons.xpi-utils	WARN	Add-on langpack-en-CA@firefox.mozilla.org is not compatible with application version.
1549092292081	addons.xpi-utils	WARN	Add-on langpack-en-ZA@firefox.mozilla.org is not compatible with application version.
1549092292081	addons.xpi-utils	WARN	Add-on langpack-en-GB@firefox.mozilla.org is not compatible with application version.
1549092292081	addons.xpi-utils	WARN	Add-on langpack-zh-CN@firefox.mozilla.org is not compatible with application version.
1549092292081	addons.xpi-utils	WARN	Add-on langpack-en-CA@firefox.mozilla.org is not compatible with application version.
1549092292081	addons.xpi-utils	WARN	Add-on langpack-en-ZA@firefox.mozilla.org is not compatible with application version.
1549092292081	addons.xpi-utils	WARN	Add-on langpack-en-GB@firefox.mozilla.org is not compatible with application version.
1549092292081	addons.xpi-utils	WARN	Add-on langpack-zh-CN@firefox.mozilla.org is not compatible with application version.
1549092292096	addons.xpi-utils	WARN	Add-on langpack-en-CA@firefox.mozilla.org is not compatible with application version.
1549092292096	addons.xpi-utils	WARN	Add-on langpack-en-ZA@firefox.mozilla.org is not compatible with application version.
1549092292096	addons.xpi-utils	WARN	Add-on langpack-en-GB@firefox.mozilla.org is not compatible with application version.
1549092292096	addons.xpi-utils	WARN	Add-on langpack-zh-CN@firefox.mozilla.org is not compatible with application version.
1549092293852	Marionette	INFO	Listening on port 35945
1549092293951	Marionette	WARN	TLS certificate errors will be ignored for this session
JavaScript error: http://inventwithpython.com/js/bootstrap.min.js, line 7: Error: Bootstrap tooltips require Tether (http://tether.io/)
1549092321094	mozrunner::runner	INFO	Running command: "/usr/bin/firefox" "-marionette" "-foreground" "-no-remote" "-profile" "/tmp/rust_mozprofile.Wl8tM7JNpmPQ"
1549092321726	addons.xpi-utils	WARN	Add-on langpack-en-CA@firefox.mozilla.org is not compatible with application version.
1549092321727	addons.xpi-utils	WARN	Add-on langpack-en-CA@firefox.mozilla.org is not compatible with application version.
1549092321727	addons.xpi-utils	WARN	Add-on langpack-en-CA@firefox.mozilla.org is not compatible with application version.
1549092321738	addons.xpi-utils	WARN	Add-on langpack-en-ZA@firefox.mozilla.org is not compatible with application version.
1549092321738	addons.xpi-utils	WARN	Add-on langpack-en-ZA@firefox.mozilla.org is not compatible with application version.
1549092321739	addons.xpi-utils	WARN	Add-on langpack-en-ZA@firefox.mozilla.org is not compatible with application version.
1549092321751	addons.xpi-utils	WARN	Add-on langpack-en-GB@firefox.mozilla.org is not compatible with application version.
1549092321751	addons.xpi-utils	WARN	Add-on langpack-en-GB@firefox.mozilla.org is not compatible with application version.
1549092321752	addons.xpi-utils	WARN	Add-on langpack-en-GB@firefox.mozilla.org is not compatible with application version.
1549092321765	addons.xpi-utils	WARN	Add-on langpack-zh-CN@firefox.mozilla.org is not compatible with application version.
1549092321766	addons.xpi-utils	WARN	Add-on langpack-zh-CN@firefox.mozilla.org is not compatible with application version.
1549092321766	addons.xpi-utils	WARN	Add-on langpack-zh-CN@firefox.mozilla.org is not compatible with application version.
1549092321942	addons.xpi-utils	WARN	Add-on langpack-en-CA@firefox.mozilla.org is not compatible with application version.
1549092321943	addons.xpi-utils	WARN	Add-on langpack-en-ZA@firefox.mozilla.org is not compatible with application version.
1549092321943	addons.xpi-utils	WARN	Add-on langpack-en-GB@firefox.mozilla.org is not compatible with application version.
1549092321943	addons.xpi-utils	WARN	Add-on langpack-zh-CN@firefox.mozilla.org is not compatible with application version.
1549092321943	addons.xpi-utils	WARN	Add-on langpack-en-CA@firefox.mozilla.org is not compatible with application version.
1549092321943	addons.xpi-utils	WARN	Add-on langpack-en-ZA@firefox.mozilla.org is not compatible with application version.
1549092321943	addons.xpi-utils	WARN	Add-on langpack-en-GB@firefox.mozilla.org is not compatible with application version.
1549092321943	addons.xpi-utils	WARN	Add-on langpack-zh-CN@firefox.mozilla.org is not compatible with application version.
1549092321944	addons.xpi-utils	WARN	Add-on langpack-en-CA@firefox.mozilla.org is not compatible with application version.
1549092321944	addons.xpi-utils	WARN	Add-on langpack-en-ZA@firefox.mozilla.org is not compatible with application version.
1549092321944	addons.xpi-utils	WARN	Add-on langpack-en-GB@firefox.mozilla.org is not compatible with application version.
1549092321944	addons.xpi-utils	WARN	Add-on langpack-zh-CN@firefox.mozilla.org is not compatible with application version.
1549092321945	addons.xpi-utils	WARN	Add-on langpack-en-CA@firefox.mozilla.org is not compatible with application version.
1549092321945	addons.xpi-utils	WARN	Add-on langpack-en-ZA@firefox.mozilla.org is not compatible with application version.
1549092321945	addons.xpi-utils	WARN	Add-on langpack-en-GB@firefox.mozilla.org is not compatible with application version.
1549092321945	addons.xpi-utils	WARN	Add-on langpack-zh-CN@firefox.mozilla.org is not compatible with application version.
1549092321946	addons.xpi-utils	WARN	Add-on langpack-en-CA@firefox.mozilla.org is not compatible with application version.
1549092321946	addons.xpi-utils	WARN	Add-on langpack-en-ZA@firefox.mozilla.org is not compatible with application version.
1549092321946	addons.xpi-utils	WARN	Add-on langpack-en-GB@firefox.mozilla.org is not compatible with application version.
1549092321946	addons.xpi-utils	WARN	Add-on langpack-zh-CN@firefox.mozilla.org is not compatible with application version.
1549092321960	addons.xpi-utils	WARN	Add-on langpack-en-CA@firefox.mozilla.org is not compatible with application version.
1549092321960	addons.xpi-utils	WARN	Add-on langpack-en-ZA@firefox.mozilla.org is not compatible with application version.
1549092321960	addons.xpi-utils	WARN	Add-on langpack-en-GB@firefox.mozilla.org is not compatible with application version.
1549092321960	addons.xpi-utils	WARN	Add-on langpack-zh-CN@firefox.mozilla.org is not compatible with application version.
1549092323676	Marionette	INFO	Listening on port 46199
1549092323718	Marionette	WARN	TLS certificate errors will be ignored for this session
JavaScript error: http://inventwithpython.com/js/bootstrap.min.js, line 7: Error: Bootstrap tooltips require Tether (http://tether.io/)
1549092389578	mozrunner::runner	INFO	Running command: "/usr/bin/firefox" "-marionette" "-foreground" "-no-remote" "-profile" "/tmp/rust_mozprofile.T5b0JlsWsRU3"
1549092390289	addons.xpi-utils	WARN	Add-on langpack-en-CA@firefox.mozilla.org is not compatible with application version.
1549092390290	addons.xpi-utils	WARN	Add-on langpack-en-CA@firefox.mozilla.org is not compatible with application version.
1549092390290	addons.xpi-utils	WARN	Add-on langpack-en-CA@firefox.mozilla.org is not compatible with application version.
1549092390301	addons.xpi-utils	WARN	Add-on langpack-en-ZA@firefox.mozilla.org is not compatible with application version.
1549092390302	addons.xpi-utils	WARN	Add-on langpack-en-ZA@firefox.mozilla.org is not compatible with application version.
1549092390302	addons.xpi-utils	WARN	Add-on langpack-en-ZA@firefox.mozilla.org is not compatible with application version.
1549092390313	addons.xpi-utils	WARN	Add-on langpack-en-GB@firefox.mozilla.org is not compatible with application version.
1549092390313	addons.xpi-utils	WARN	Add-on langpack-en-GB@firefox.mozilla.org is not compatible with application version.
1549092390315	addons.xpi-utils	WARN	Add-on langpack-en-GB@firefox.mozilla.org is not compatible with application version.
1549092390328	addons.xpi-utils	WARN	Add-on langpack-zh-CN@firefox.mozilla.org is not compatible with application version.
1549092390328	addons.xpi-utils	WARN	Add-on langpack-zh-CN@firefox.mozilla.org is not compatible with application version.
1549092390328	addons.xpi-utils	WARN	Add-on langpack-zh-CN@firefox.mozilla.org is not compatible with application version.
1549092390499	addons.xpi-utils	WARN	Add-on langpack-en-CA@firefox.mozilla.org is not compatible with application version.
1549092390500	addons.xpi-utils	WARN	Add-on langpack-en-ZA@firefox.mozilla.org is not compatible with application version.
1549092390500	addons.xpi-utils	WARN	Add-on langpack-en-GB@firefox.mozilla.org is not compatible with application version.
1549092390500	addons.xpi-utils	WARN	Add-on langpack-zh-CN@firefox.mozilla.org is not compatible with application version.
1549092390500	addons.xpi-utils	WARN	Add-on langpack-en-CA@firefox.mozilla.org is not compatible with application version.
1549092390500	addons.xpi-utils	WARN	Add-on langpack-en-ZA@firefox.mozilla.org is not compatible with application version.
1549092390500	addons.xpi-utils	WARN	Add-on langpack-en-GB@firefox.mozilla.org is not compatible with application version.
1549092390500	addons.xpi-utils	WARN	Add-on langpack-zh-CN@firefox.mozilla.org is not compatible with application version.
1549092390501	addons.xpi-utils	WARN	Add-on langpack-en-CA@firefox.mozilla.org is not compatible with application version.
1549092390501	addons.xpi-utils	WARN	Add-on langpack-en-ZA@firefox.mozilla.org is not compatible with application version.
1549092390501	addons.xpi-utils	WARN	Add-on langpack-en-GB@firefox.mozilla.org is not compatible with application version.
1549092390501	addons.xpi-utils	WARN	Add-on langpack-zh-CN@firefox.mozilla.org is not compatible with application version.
1549092390502	addons.xpi-utils	WARN	Add-on langpack-en-CA@firefox.mozilla.org is not compatible with application version.
1549092390502	addons.xpi-utils	WARN	Add-on langpack-en-ZA@firefox.mozilla.org is not compatible with application version.
1549092390502	addons.xpi-utils	WARN	Add-on langpack-en-GB@firefox.mozilla.org is not compatible with application version.
1549092390502	addons.xpi-utils	WARN	Add-on langpack-zh-CN@firefox.mozilla.org is not compatible with application version.
1549092390503	addons.xpi-utils	WARN	Add-on langpack-en-CA@firefox.mozilla.org is not compatible with application version.
1549092390503	addons.xpi-utils	WARN	Add-on langpack-en-ZA@firefox.mozilla.org is not compatible with application version.
1549092390503	addons.xpi-utils	WARN	Add-on langpack-en-GB@firefox.mozilla.org is not compatible with application version.
1549092390503	addons.xpi-utils	WARN	Add-on langpack-zh-CN@firefox.mozilla.org is not compatible with application version.
1549092390520	addons.xpi-utils	WARN	Add-on langpack-en-CA@firefox.mozilla.org is not compatible with application version.
1549092390520	addons.xpi-utils	WARN	Add-on langpack-en-ZA@firefox.mozilla.org is not compatible with application version.
1549092390520	addons.xpi-utils	WARN	Add-on langpack-en-GB@firefox.mozilla.org is not compatible with application version.
1549092390520	addons.xpi-utils	WARN	Add-on langpack-zh-CN@firefox.mozilla.org is not compatible with application version.
1549092392328	Marionette	INFO	Listening on port 35573
1549092392484	Marionette	WARN	TLS certificate errors will be ignored for this session
JavaScript error: http://inventwithpython.com/js/bootstrap.min.js, line 7: Error: Bootstrap tooltips require Tether (http://tether.io/)
