1549096744654	mozrunner::runner	INFO	Running command: "/usr/bin/firefox" "-marionette" "-foreground" "-no-remote" "-profile" "/tmp/rust_mozprofile.bW1Y04v6E5D8"
1549096745437	addons.xpi-utils	WARN	Add-on langpack-en-CA@firefox.mozilla.org is not compatible with application version.
1549096745438	addons.xpi-utils	WARN	Add-on langpack-en-CA@firefox.mozilla.org is not compatible with application version.
1549096745438	addons.xpi-utils	WARN	Add-on langpack-en-CA@firefox.mozilla.org is not compatible with application version.
1549096745450	addons.xpi-utils	WARN	Add-on langpack-en-ZA@firefox.mozilla.org is not compatible with application version.
1549096745450	addons.xpi-utils	WARN	Add-on langpack-en-ZA@firefox.mozilla.org is not compatible with application version.
1549096745451	addons.xpi-utils	WARN	Add-on langpack-en-ZA@firefox.mozilla.org is not compatible with application version.
1549096745468	addons.xpi-utils	WARN	Add-on langpack-en-GB@firefox.mozilla.org is not compatible with application version.
1549096745469	addons.xpi-utils	WARN	Add-on langpack-en-GB@firefox.mozilla.org is not compatible with application version.
1549096745469	addons.xpi-utils	WARN	Add-on langpack-en-GB@firefox.mozilla.org is not compatible with application version.
1549096745479	addons.xpi-utils	WARN	Add-on langpack-zh-CN@firefox.mozilla.org is not compatible with application version.
1549096745479	addons.xpi-utils	WARN	Add-on langpack-zh-CN@firefox.mozilla.org is not compatible with application version.
1549096745479	addons.xpi-utils	WARN	Add-on langpack-zh-CN@firefox.mozilla.org is not compatible with application version.
1549096745679	addons.xpi-utils	WARN	Add-on langpack-en-CA@firefox.mozilla.org is not compatible with application version.
1549096745679	addons.xpi-utils	WARN	Add-on langpack-en-ZA@firefox.mozilla.org is not compatible with application version.
1549096745679	addons.xpi-utils	WARN	Add-on langpack-en-GB@firefox.mozilla.org is not compatible with application version.
1549096745679	addons.xpi-utils	WARN	Add-on langpack-zh-CN@firefox.mozilla.org is not compatible with application version.
1549096745680	addons.xpi-utils	WARN	Add-on langpack-en-CA@firefox.mozilla.org is not compatible with application version.
1549096745680	addons.xpi-utils	WARN	Add-on langpack-en-ZA@firefox.mozilla.org is not compatible with application version.
1549096745680	addons.xpi-utils	WARN	Add-on langpack-en-GB@firefox.mozilla.org is not compatible with application version.
1549096745680	addons.xpi-utils	WARN	Add-on langpack-zh-CN@firefox.mozilla.org is not compatible with application version.
1549096745680	addons.xpi-utils	WARN	Add-on langpack-en-CA@firefox.mozilla.org is not compatible with application version.
1549096745680	addons.xpi-utils	WARN	Add-on langpack-en-ZA@firefox.mozilla.org is not compatible with application version.
1549096745680	addons.xpi-utils	WARN	Add-on langpack-en-GB@firefox.mozilla.org is not compatible with application version.
1549096745680	addons.xpi-utils	WARN	Add-on langpack-zh-CN@firefox.mozilla.org is not compatible with application version.
1549096745682	addons.xpi-utils	WARN	Add-on langpack-en-CA@firefox.mozilla.org is not compatible with application version.
1549096745682	addons.xpi-utils	WARN	Add-on langpack-en-ZA@firefox.mozilla.org is not compatible with application version.
1549096745682	addons.xpi-utils	WARN	Add-on langpack-en-GB@firefox.mozilla.org is not compatible with application version.
1549096745682	addons.xpi-utils	WARN	Add-on langpack-zh-CN@firefox.mozilla.org is not compatible with application version.
1549096745682	addons.xpi-utils	WARN	Add-on langpack-en-CA@firefox.mozilla.org is not compatible with application version.
1549096745682	addons.xpi-utils	WARN	Add-on langpack-en-ZA@firefox.mozilla.org is not compatible with application version.
1549096745682	addons.xpi-utils	WARN	Add-on langpack-en-GB@firefox.mozilla.org is not compatible with application version.
1549096745682	addons.xpi-utils	WARN	Add-on langpack-zh-CN@firefox.mozilla.org is not compatible with application version.
1549096745697	addons.xpi-utils	WARN	Add-on langpack-en-CA@firefox.mozilla.org is not compatible with application version.
1549096745697	addons.xpi-utils	WARN	Add-on langpack-en-ZA@firefox.mozilla.org is not compatible with application version.
1549096745697	addons.xpi-utils	WARN	Add-on langpack-en-GB@firefox.mozilla.org is not compatible with application version.
1549096745697	addons.xpi-utils	WARN	Add-on langpack-zh-CN@firefox.mozilla.org is not compatible with application version.
1549096748524	Marionette	INFO	Listening on port 38827
1549096748644	Marionette	WARN	TLS certificate errors will be ignored for this session
JavaScript error: , line 0: uncaught exception: TagError: adsbygoogle.push() error: No slot size for availableWidth=0
1549096843390	mozrunner::runner	INFO	Running command: "/usr/bin/firefox" "-marionette" "-foreground" "-no-remote" "-profile" "/tmp/rust_mozprofile.hrZxzBIQxIuW"
1549096844330	addons.xpi-utils	WARN	Add-on langpack-en-CA@firefox.mozilla.org is not compatible with application version.
1549096844330	addons.xpi-utils	WARN	Add-on langpack-en-CA@firefox.mozilla.org is not compatible with application version.
1549096844330	addons.xpi-utils	WARN	Add-on langpack-en-CA@firefox.mozilla.org is not compatible with application version.
1549096844341	addons.xpi-utils	WARN	Add-on langpack-en-ZA@firefox.mozilla.org is not compatible with application version.
1549096844342	addons.xpi-utils	WARN	Add-on langpack-en-ZA@firefox.mozilla.org is not compatible with application version.
1549096844342	addons.xpi-utils	WARN	Add-on langpack-en-ZA@firefox.mozilla.org is not compatible with application version.
1549096844353	addons.xpi-utils	WARN	Add-on langpack-en-GB@firefox.mozilla.org is not compatible with application version.
1549096844353	addons.xpi-utils	WARN	Add-on langpack-en-GB@firefox.mozilla.org is not compatible with application version.
1549096844354	addons.xpi-utils	WARN	Add-on langpack-en-GB@firefox.mozilla.org is not compatible with application version.
1549096844368	addons.xpi-utils	WARN	Add-on langpack-zh-CN@firefox.mozilla.org is not compatible with application version.
1549096844369	addons.xpi-utils	WARN	Add-on langpack-zh-CN@firefox.mozilla.org is not compatible with application version.
1549096844369	addons.xpi-utils	WARN	Add-on langpack-zh-CN@firefox.mozilla.org is not compatible with application version.
1549096844691	addons.xpi-utils	WARN	Add-on langpack-en-CA@firefox.mozilla.org is not compatible with application version.
1549096844691	addons.xpi-utils	WARN	Add-on langpack-en-ZA@firefox.mozilla.org is not compatible with application version.
1549096844691	addons.xpi-utils	WARN	Add-on langpack-en-GB@firefox.mozilla.org is not compatible with application version.
1549096844691	addons.xpi-utils	WARN	Add-on langpack-zh-CN@firefox.mozilla.org is not compatible with application version.
1549096844692	addons.xpi-utils	WARN	Add-on langpack-en-CA@firefox.mozilla.org is not compatible with application version.
1549096844692	addons.xpi-utils	WARN	Add-on langpack-en-ZA@firefox.mozilla.org is not compatible with application version.
1549096844692	addons.xpi-utils	WARN	Add-on langpack-en-GB@firefox.mozilla.org is not compatible with application version.
1549096844692	addons.xpi-utils	WARN	Add-on langpack-zh-CN@firefox.mozilla.org is not compatible with application version.
1549096844692	addons.xpi-utils	WARN	Add-on langpack-en-CA@firefox.mozilla.org is not compatible with application version.
1549096844692	addons.xpi-utils	WARN	Add-on langpack-en-ZA@firefox.mozilla.org is not compatible with application version.
1549096844692	addons.xpi-utils	WARN	Add-on langpack-en-GB@firefox.mozilla.org is not compatible with application version.
1549096844692	addons.xpi-utils	WARN	Add-on langpack-zh-CN@firefox.mozilla.org is not compatible with application version.
1549096844694	addons.xpi-utils	WARN	Add-on langpack-en-CA@firefox.mozilla.org is not compatible with application version.
1549096844694	addons.xpi-utils	WARN	Add-on langpack-en-ZA@firefox.mozilla.org is not compatible with application version.
1549096844694	addons.xpi-utils	WARN	Add-on langpack-en-GB@firefox.mozilla.org is not compatible with application version.
1549096844694	addons.xpi-utils	WARN	Add-on langpack-zh-CN@firefox.mozilla.org is not compatible with application version.
1549096844694	addons.xpi-utils	WARN	Add-on langpack-en-CA@firefox.mozilla.org is not compatible with application version.
1549096844694	addons.xpi-utils	WARN	Add-on langpack-en-ZA@firefox.mozilla.org is not compatible with application version.
1549096844694	addons.xpi-utils	WARN	Add-on langpack-en-GB@firefox.mozilla.org is not compatible with application version.
1549096844694	addons.xpi-utils	WARN	Add-on langpack-zh-CN@firefox.mozilla.org is not compatible with application version.
1549096844716	addons.xpi-utils	WARN	Add-on langpack-en-CA@firefox.mozilla.org is not compatible with application version.
1549096844716	addons.xpi-utils	WARN	Add-on langpack-en-ZA@firefox.mozilla.org is not compatible with application version.
1549096844716	addons.xpi-utils	WARN	Add-on langpack-en-GB@firefox.mozilla.org is not compatible with application version.
1549096844716	addons.xpi-utils	WARN	Add-on langpack-zh-CN@firefox.mozilla.org is not compatible with application version.
1549096847107	Marionette	INFO	Listening on port 36851
1549096847218	Marionette	WARN	TLS certificate errors will be ignored for this session
JavaScript error: , line 0: uncaught exception: TagError: adsbygoogle.push() error: No slot size for availableWidth=0
1549097087484	mozrunner::runner	INFO	Running command: "/usr/bin/firefox" "-marionette" "-foreground" "-no-remote" "-profile" "/tmp/rust_mozprofile.aFOBkdcaEG2a"
1549097088371	addons.xpi-utils	WARN	Add-on langpack-en-CA@firefox.mozilla.org is not compatible with application version.
1549097088371	addons.xpi-utils	WARN	Add-on langpack-en-CA@firefox.mozilla.org is not compatible with application version.
1549097088372	addons.xpi-utils	WARN	Add-on langpack-en-CA@firefox.mozilla.org is not compatible with application version.
1549097088386	addons.xpi-utils	WARN	Add-on langpack-en-ZA@firefox.mozilla.org is not compatible with application version.
1549097088386	addons.xpi-utils	WARN	Add-on langpack-en-ZA@firefox.mozilla.org is not compatible with application version.
1549097088387	addons.xpi-utils	WARN	Add-on langpack-en-ZA@firefox.mozilla.org is not compatible with application version.
1549097088407	addons.xpi-utils	WARN	Add-on langpack-en-GB@firefox.mozilla.org is not compatible with application version.
1549097088408	addons.xpi-utils	WARN	Add-on langpack-en-GB@firefox.mozilla.org is not compatible with application version.
1549097088408	addons.xpi-utils	WARN	Add-on langpack-en-GB@firefox.mozilla.org is not compatible with application version.
1549097088419	addons.xpi-utils	WARN	Add-on langpack-zh-CN@firefox.mozilla.org is not compatible with application version.
1549097088420	addons.xpi-utils	WARN	Add-on langpack-zh-CN@firefox.mozilla.org is not compatible with application version.
1549097088420	addons.xpi-utils	WARN	Add-on langpack-zh-CN@firefox.mozilla.org is not compatible with application version.
1549097088606	addons.xpi-utils	WARN	Add-on langpack-en-CA@firefox.mozilla.org is not compatible with application version.
1549097088607	addons.xpi-utils	WARN	Add-on langpack-en-ZA@firefox.mozilla.org is not compatible with application version.
1549097088607	addons.xpi-utils	WARN	Add-on langpack-en-GB@firefox.mozilla.org is not compatible with application version.
1549097088607	addons.xpi-utils	WARN	Add-on langpack-zh-CN@firefox.mozilla.org is not compatible with application version.
1549097088607	addons.xpi-utils	WARN	Add-on langpack-en-CA@firefox.mozilla.org is not compatible with application version.
1549097088607	addons.xpi-utils	WARN	Add-on langpack-en-ZA@firefox.mozilla.org is not compatible with application version.
1549097088607	addons.xpi-utils	WARN	Add-on langpack-en-GB@firefox.mozilla.org is not compatible with application version.
1549097088607	addons.xpi-utils	WARN	Add-on langpack-zh-CN@firefox.mozilla.org is not compatible with application version.
1549097088608	addons.xpi-utils	WARN	Add-on langpack-en-CA@firefox.mozilla.org is not compatible with application version.
1549097088608	addons.xpi-utils	WARN	Add-on langpack-en-ZA@firefox.mozilla.org is not compatible with application version.
1549097088608	addons.xpi-utils	WARN	Add-on langpack-en-GB@firefox.mozilla.org is not compatible with application version.
1549097088608	addons.xpi-utils	WARN	Add-on langpack-zh-CN@firefox.mozilla.org is not compatible with application version.
1549097088609	addons.xpi-utils	WARN	Add-on langpack-en-CA@firefox.mozilla.org is not compatible with application version.
1549097088609	addons.xpi-utils	WARN	Add-on langpack-en-ZA@firefox.mozilla.org is not compatible with application version.
1549097088609	addons.xpi-utils	WARN	Add-on langpack-en-GB@firefox.mozilla.org is not compatible with application version.
1549097088609	addons.xpi-utils	WARN	Add-on langpack-zh-CN@firefox.mozilla.org is not compatible with application version.
1549097088610	addons.xpi-utils	WARN	Add-on langpack-en-CA@firefox.mozilla.org is not compatible with application version.
1549097088610	addons.xpi-utils	WARN	Add-on langpack-en-ZA@firefox.mozilla.org is not compatible with application version.
1549097088610	addons.xpi-utils	WARN	Add-on langpack-en-GB@firefox.mozilla.org is not compatible with application version.
1549097088610	addons.xpi-utils	WARN	Add-on langpack-zh-CN@firefox.mozilla.org is not compatible with application version.
1549097088624	addons.xpi-utils	WARN	Add-on langpack-en-CA@firefox.mozilla.org is not compatible with application version.
1549097088624	addons.xpi-utils	WARN	Add-on langpack-en-ZA@firefox.mozilla.org is not compatible with application version.
1549097088624	addons.xpi-utils	WARN	Add-on langpack-en-GB@firefox.mozilla.org is not compatible with application version.
1549097088624	addons.xpi-utils	WARN	Add-on langpack-zh-CN@firefox.mozilla.org is not compatible with application version.
1549097090909	Marionette	INFO	Listening on port 41423
1549097090957	Marionette	WARN	TLS certificate errors will be ignored for this session
JavaScript error: , line 0: uncaught exception: TagError: adsbygoogle.push() error: No slot size for availableWidth=0
1549097137792	mozrunner::runner	INFO	Running command: "/usr/bin/firefox" "-marionette" "-foreground" "-no-remote" "-profile" "/tmp/rust_mozprofile.nazxnLN3MDdz"
1549097138536	addons.xpi-utils	WARN	Add-on langpack-en-CA@firefox.mozilla.org is not compatible with application version.
1549097138536	addons.xpi-utils	WARN	Add-on langpack-en-CA@firefox.mozilla.org is not compatible with application version.
1549097138537	addons.xpi-utils	WARN	Add-on langpack-en-CA@firefox.mozilla.org is not compatible with application version.
1549097138548	addons.xpi-utils	WARN	Add-on langpack-en-ZA@firefox.mozilla.org is not compatible with application version.
1549097138548	addons.xpi-utils	WARN	Add-on langpack-en-ZA@firefox.mozilla.org is not compatible with application version.
1549097138548	addons.xpi-utils	WARN	Add-on langpack-en-ZA@firefox.mozilla.org is not compatible with application version.
1549097138562	addons.xpi-utils	WARN	Add-on langpack-en-GB@firefox.mozilla.org is not compatible with application version.
1549097138562	addons.xpi-utils	WARN	Add-on langpack-en-GB@firefox.mozilla.org is not compatible with application version.
1549097138564	addons.xpi-utils	WARN	Add-on langpack-en-GB@firefox.mozilla.org is not compatible with application version.
1549097138577	addons.xpi-utils	WARN	Add-on langpack-zh-CN@firefox.mozilla.org is not compatible with application version.
1549097138577	addons.xpi-utils	WARN	Add-on langpack-zh-CN@firefox.mozilla.org is not compatible with application version.
1549097138578	addons.xpi-utils	WARN	Add-on langpack-zh-CN@firefox.mozilla.org is not compatible with application version.
1549097138759	addons.xpi-utils	WARN	Add-on langpack-en-CA@firefox.mozilla.org is not compatible with application version.
1549097138760	addons.xpi-utils	WARN	Add-on langpack-en-ZA@firefox.mozilla.org is not compatible with application version.
1549097138760	addons.xpi-utils	WARN	Add-on langpack-en-GB@firefox.mozilla.org is not compatible with application version.
1549097138760	addons.xpi-utils	WARN	Add-on langpack-zh-CN@firefox.mozilla.org is not compatible with application version.
1549097138760	addons.xpi-utils	WARN	Add-on langpack-en-CA@firefox.mozilla.org is not compatible with application version.
1549097138760	addons.xpi-utils	WARN	Add-on langpack-en-ZA@firefox.mozilla.org is not compatible with application version.
1549097138760	addons.xpi-utils	WARN	Add-on langpack-en-GB@firefox.mozilla.org is not compatible with application version.
1549097138760	addons.xpi-utils	WARN	Add-on langpack-zh-CN@firefox.mozilla.org is not compatible with application version.
1549097138761	addons.xpi-utils	WARN	Add-on langpack-en-CA@firefox.mozilla.org is not compatible with application version.
1549097138761	addons.xpi-utils	WARN	Add-on langpack-en-ZA@firefox.mozilla.org is not compatible with application version.
1549097138761	addons.xpi-utils	WARN	Add-on langpack-en-GB@firefox.mozilla.org is not compatible with application version.
1549097138761	addons.xpi-utils	WARN	Add-on langpack-zh-CN@firefox.mozilla.org is not compatible with application version.
1549097138762	addons.xpi-utils	WARN	Add-on langpack-en-CA@firefox.mozilla.org is not compatible with application version.
1549097138762	addons.xpi-utils	WARN	Add-on langpack-en-ZA@firefox.mozilla.org is not compatible with application version.
1549097138762	addons.xpi-utils	WARN	Add-on langpack-en-GB@firefox.mozilla.org is not compatible with application version.
1549097138762	addons.xpi-utils	WARN	Add-on langpack-zh-CN@firefox.mozilla.org is not compatible with application version.
1549097138762	addons.xpi-utils	WARN	Add-on langpack-en-CA@firefox.mozilla.org is not compatible with application version.
1549097138762	addons.xpi-utils	WARN	Add-on langpack-en-ZA@firefox.mozilla.org is not compatible with application version.
1549097138762	addons.xpi-utils	WARN	Add-on langpack-en-GB@firefox.mozilla.org is not compatible with application version.
1549097138763	addons.xpi-utils	WARN	Add-on langpack-zh-CN@firefox.mozilla.org is not compatible with application version.
1549097138779	addons.xpi-utils	WARN	Add-on langpack-en-CA@firefox.mozilla.org is not compatible with application version.
1549097138779	addons.xpi-utils	WARN	Add-on langpack-en-ZA@firefox.mozilla.org is not compatible with application version.
1549097138779	addons.xpi-utils	WARN	Add-on langpack-en-GB@firefox.mozilla.org is not compatible with application version.
1549097138779	addons.xpi-utils	WARN	Add-on langpack-zh-CN@firefox.mozilla.org is not compatible with application version.
1549097141706	Marionette	INFO	Listening on port 36717
1549097142138	Marionette	WARN	TLS certificate errors will be ignored for this session
JavaScript error: , line 0: uncaught exception: TagError: adsbygoogle.push() error: No slot size for availableWidth=0
1549097194333	mozrunner::runner	INFO	Running command: "/usr/bin/firefox" "-marionette" "-foreground" "-no-remote" "-profile" "/tmp/rust_mozprofile.PVHhSZTfx0jT"
1549097195554	addons.xpi-utils	WARN	Add-on langpack-en-CA@firefox.mozilla.org is not compatible with application version.
1549097195555	addons.xpi-utils	WARN	Add-on langpack-en-CA@firefox.mozilla.org is not compatible with application version.
1549097195555	addons.xpi-utils	WARN	Add-on langpack-en-CA@firefox.mozilla.org is not compatible with application version.
1549097195569	addons.xpi-utils	WARN	Add-on langpack-en-ZA@firefox.mozilla.org is not compatible with application version.
1549097195569	addons.xpi-utils	WARN	Add-on langpack-en-ZA@firefox.mozilla.org is not compatible with application version.
1549097195569	addons.xpi-utils	WARN	Add-on langpack-en-ZA@firefox.mozilla.org is not compatible with application version.
1549097195587	addons.xpi-utils	WARN	Add-on langpack-en-GB@firefox.mozilla.org is not compatible with application version.
1549097195587	addons.xpi-utils	WARN	Add-on langpack-en-GB@firefox.mozilla.org is not compatible with application version.
1549097195587	addons.xpi-utils	WARN	Add-on langpack-en-GB@firefox.mozilla.org is not compatible with application version.
1549097195597	addons.xpi-utils	WARN	Add-on langpack-zh-CN@firefox.mozilla.org is not compatible with application version.
1549097195598	addons.xpi-utils	WARN	Add-on langpack-zh-CN@firefox.mozilla.org is not compatible with application version.
1549097195598	addons.xpi-utils	WARN	Add-on langpack-zh-CN@firefox.mozilla.org is not compatible with application version.
1549097195863	addons.xpi-utils	WARN	Add-on langpack-en-CA@firefox.mozilla.org is not compatible with application version.
1549097195864	addons.xpi-utils	WARN	Add-on langpack-en-ZA@firefox.mozilla.org is not compatible with application version.
1549097195864	addons.xpi-utils	WARN	Add-on langpack-en-GB@firefox.mozilla.org is not compatible with application version.
1549097195864	addons.xpi-utils	WARN	Add-on langpack-zh-CN@firefox.mozilla.org is not compatible with application version.
1549097195864	addons.xpi-utils	WARN	Add-on langpack-en-CA@firefox.mozilla.org is not compatible with application version.
1549097195864	addons.xpi-utils	WARN	Add-on langpack-en-ZA@firefox.mozilla.org is not compatible with application version.
1549097195864	addons.xpi-utils	WARN	Add-on langpack-en-GB@firefox.mozilla.org is not compatible with application version.
1549097195864	addons.xpi-utils	WARN	Add-on langpack-zh-CN@firefox.mozilla.org is not compatible with application version.
1549097195865	addons.xpi-utils	WARN	Add-on langpack-en-CA@firefox.mozilla.org is not compatible with application version.
1549097195865	addons.xpi-utils	WARN	Add-on langpack-en-ZA@firefox.mozilla.org is not compatible with application version.
1549097195865	addons.xpi-utils	WARN	Add-on langpack-en-GB@firefox.mozilla.org is not compatible with application version.
1549097195865	addons.xpi-utils	WARN	Add-on langpack-zh-CN@firefox.mozilla.org is not compatible with application version.
1549097195866	addons.xpi-utils	WARN	Add-on langpack-en-CA@firefox.mozilla.org is not compatible with application version.
1549097195867	addons.xpi-utils	WARN	Add-on langpack-en-ZA@firefox.mozilla.org is not compatible with application version.
1549097195867	addons.xpi-utils	WARN	Add-on langpack-en-GB@firefox.mozilla.org is not compatible with application version.
1549097195867	addons.xpi-utils	WARN	Add-on langpack-zh-CN@firefox.mozilla.org is not compatible with application version.
1549097195867	addons.xpi-utils	WARN	Add-on langpack-en-CA@firefox.mozilla.org is not compatible with application version.
1549097195867	addons.xpi-utils	WARN	Add-on langpack-en-ZA@firefox.mozilla.org is not compatible with application version.
1549097195867	addons.xpi-utils	WARN	Add-on langpack-en-GB@firefox.mozilla.org is not compatible with application version.
1549097195867	addons.xpi-utils	WARN	Add-on langpack-zh-CN@firefox.mozilla.org is not compatible with application version.
1549097195894	addons.xpi-utils	WARN	Add-on langpack-en-CA@firefox.mozilla.org is not compatible with application version.
1549097195894	addons.xpi-utils	WARN	Add-on langpack-en-ZA@firefox.mozilla.org is not compatible with application version.
1549097195894	addons.xpi-utils	WARN	Add-on langpack-en-GB@firefox.mozilla.org is not compatible with application version.
1549097195894	addons.xpi-utils	WARN	Add-on langpack-zh-CN@firefox.mozilla.org is not compatible with application version.
1549097198209	Marionette	INFO	Listening on port 36841
1549097198217	Marionette	WARN	TLS certificate errors will be ignored for this session
JavaScript error: , line 0: uncaught exception: TagError: adsbygoogle.push() error: No slot size for availableWidth=0
JavaScript error: https://play2048.co/js/html_actuator.js, line 151: ReferenceError: twttr is not defined
1549097255680	mozrunner::runner	INFO	Running command: "/usr/bin/firefox" "-marionette" "-foreground" "-no-remote" "-profile" "/tmp/rust_mozprofile.pmrQFeCquIBl"
1549097256640	addons.xpi-utils	WARN	Add-on langpack-en-CA@firefox.mozilla.org is not compatible with application version.
1549097256641	addons.xpi-utils	WARN	Add-on langpack-en-CA@firefox.mozilla.org is not compatible with application version.
1549097256641	addons.xpi-utils	WARN	Add-on langpack-en-CA@firefox.mozilla.org is not compatible with application version.
1549097256666	addons.xpi-utils	WARN	Add-on langpack-en-ZA@firefox.mozilla.org is not compatible with application version.
1549097256666	addons.xpi-utils	WARN	Add-on langpack-en-ZA@firefox.mozilla.org is not compatible with application version.
1549097256669	addons.xpi-utils	WARN	Add-on langpack-en-ZA@firefox.mozilla.org is not compatible with application version.
1549097256689	addons.xpi-utils	WARN	Add-on langpack-en-GB@firefox.mozilla.org is not compatible with application version.
1549097256689	addons.xpi-utils	WARN	Add-on langpack-en-GB@firefox.mozilla.org is not compatible with application version.
1549097256689	addons.xpi-utils	WARN	Add-on langpack-en-GB@firefox.mozilla.org is not compatible with application version.
1549097256701	addons.xpi-utils	WARN	Add-on langpack-zh-CN@firefox.mozilla.org is not compatible with application version.
1549097256702	addons.xpi-utils	WARN	Add-on langpack-zh-CN@firefox.mozilla.org is not compatible with application version.
1549097256702	addons.xpi-utils	WARN	Add-on langpack-zh-CN@firefox.mozilla.org is not compatible with application version.
1549097256871	addons.xpi-utils	WARN	Add-on langpack-en-CA@firefox.mozilla.org is not compatible with application version.
1549097256872	addons.xpi-utils	WARN	Add-on langpack-en-ZA@firefox.mozilla.org is not compatible with application version.
1549097256872	addons.xpi-utils	WARN	Add-on langpack-en-GB@firefox.mozilla.org is not compatible with application version.
1549097256872	addons.xpi-utils	WARN	Add-on langpack-zh-CN@firefox.mozilla.org is not compatible with application version.
1549097256872	addons.xpi-utils	WARN	Add-on langpack-en-CA@firefox.mozilla.org is not compatible with application version.
1549097256872	addons.xpi-utils	WARN	Add-on langpack-en-ZA@firefox.mozilla.org is not compatible with application version.
1549097256872	addons.xpi-utils	WARN	Add-on langpack-en-GB@firefox.mozilla.org is not compatible with application version.
1549097256872	addons.xpi-utils	WARN	Add-on langpack-zh-CN@firefox.mozilla.org is not compatible with application version.
1549097256873	addons.xpi-utils	WARN	Add-on langpack-en-CA@firefox.mozilla.org is not compatible with application version.
1549097256873	addons.xpi-utils	WARN	Add-on langpack-en-ZA@firefox.mozilla.org is not compatible with application version.
1549097256873	addons.xpi-utils	WARN	Add-on langpack-en-GB@firefox.mozilla.org is not compatible with application version.
1549097256873	addons.xpi-utils	WARN	Add-on langpack-zh-CN@firefox.mozilla.org is not compatible with application version.
1549097256874	addons.xpi-utils	WARN	Add-on langpack-en-CA@firefox.mozilla.org is not compatible with application version.
1549097256874	addons.xpi-utils	WARN	Add-on langpack-en-ZA@firefox.mozilla.org is not compatible with application version.
1549097256874	addons.xpi-utils	WARN	Add-on langpack-en-GB@firefox.mozilla.org is not compatible with application version.
1549097256874	addons.xpi-utils	WARN	Add-on langpack-zh-CN@firefox.mozilla.org is not compatible with application version.
1549097256874	addons.xpi-utils	WARN	Add-on langpack-en-CA@firefox.mozilla.org is not compatible with application version.
1549097256874	addons.xpi-utils	WARN	Add-on langpack-en-ZA@firefox.mozilla.org is not compatible with application version.
1549097256875	addons.xpi-utils	WARN	Add-on langpack-en-GB@firefox.mozilla.org is not compatible with application version.
1549097256875	addons.xpi-utils	WARN	Add-on langpack-zh-CN@firefox.mozilla.org is not compatible with application version.
1549097256889	addons.xpi-utils	WARN	Add-on langpack-en-CA@firefox.mozilla.org is not compatible with application version.
1549097256889	addons.xpi-utils	WARN	Add-on langpack-en-ZA@firefox.mozilla.org is not compatible with application version.
1549097256889	addons.xpi-utils	WARN	Add-on langpack-en-GB@firefox.mozilla.org is not compatible with application version.
1549097256889	addons.xpi-utils	WARN	Add-on langpack-zh-CN@firefox.mozilla.org is not compatible with application version.
1549097258762	Marionette	INFO	Listening on port 34365
1549097258832	Marionette	WARN	TLS certificate errors will be ignored for this session
JavaScript error: , line 0: uncaught exception: TagError: adsbygoogle.push() error: No slot size for availableWidth=0
JavaScript error: https://play2048.co/js/html_actuator.js, line 151: ReferenceError: twttr is not defined
1549097555884	mozrunner::runner	INFO	Running command: "/usr/bin/firefox" "-marionette" "-foreground" "-no-remote" "-profile" "/tmp/rust_mozprofile.ACEGRDYtjM3H"
1549097556631	addons.xpi-utils	WARN	Add-on langpack-en-CA@firefox.mozilla.org is not compatible with application version.
1549097556632	addons.xpi-utils	WARN	Add-on langpack-en-CA@firefox.mozilla.org is not compatible with application version.
1549097556632	addons.xpi-utils	WARN	Add-on langpack-en-CA@firefox.mozilla.org is not compatible with application version.
1549097556644	addons.xpi-utils	WARN	Add-on langpack-en-ZA@firefox.mozilla.org is not compatible with application version.
1549097556644	addons.xpi-utils	WARN	Add-on langpack-en-ZA@firefox.mozilla.org is not compatible with application version.
1549097556644	addons.xpi-utils	WARN	Add-on langpack-en-ZA@firefox.mozilla.org is not compatible with application version.
1549097556656	addons.xpi-utils	WARN	Add-on langpack-en-GB@firefox.mozilla.org is not compatible with application version.
1549097556656	addons.xpi-utils	WARN	Add-on langpack-en-GB@firefox.mozilla.org is not compatible with application version.
1549097556658	addons.xpi-utils	WARN	Add-on langpack-en-GB@firefox.mozilla.org is not compatible with application version.
1549097556670	addons.xpi-utils	WARN	Add-on langpack-zh-CN@firefox.mozilla.org is not compatible with application version.
1549097556671	addons.xpi-utils	WARN	Add-on langpack-zh-CN@firefox.mozilla.org is not compatible with application version.
1549097556671	addons.xpi-utils	WARN	Add-on langpack-zh-CN@firefox.mozilla.org is not compatible with application version.
1549097556855	addons.xpi-utils	WARN	Add-on langpack-en-CA@firefox.mozilla.org is not compatible with application version.
1549097556856	addons.xpi-utils	WARN	Add-on langpack-en-ZA@firefox.mozilla.org is not compatible with application version.
1549097556856	addons.xpi-utils	WARN	Add-on langpack-en-GB@firefox.mozilla.org is not compatible with application version.
1549097556856	addons.xpi-utils	WARN	Add-on langpack-zh-CN@firefox.mozilla.org is not compatible with application version.
1549097556856	addons.xpi-utils	WARN	Add-on langpack-en-CA@firefox.mozilla.org is not compatible with application version.
1549097556857	addons.xpi-utils	WARN	Add-on langpack-en-ZA@firefox.mozilla.org is not compatible with application version.
1549097556857	addons.xpi-utils	WARN	Add-on langpack-en-GB@firefox.mozilla.org is not compatible with application version.
1549097556857	addons.xpi-utils	WARN	Add-on langpack-zh-CN@firefox.mozilla.org is not compatible with application version.
1549097556857	addons.xpi-utils	WARN	Add-on langpack-en-CA@firefox.mozilla.org is not compatible with application version.
1549097556857	addons.xpi-utils	WARN	Add-on langpack-en-ZA@firefox.mozilla.org is not compatible with application version.
1549097556857	addons.xpi-utils	WARN	Add-on langpack-en-GB@firefox.mozilla.org is not compatible with application version.
1549097556857	addons.xpi-utils	WARN	Add-on langpack-zh-CN@firefox.mozilla.org is not compatible with application version.
1549097556858	addons.xpi-utils	WARN	Add-on langpack-en-CA@firefox.mozilla.org is not compatible with application version.
1549097556858	addons.xpi-utils	WARN	Add-on langpack-en-ZA@firefox.mozilla.org is not compatible with application version.
1549097556858	addons.xpi-utils	WARN	Add-on langpack-en-GB@firefox.mozilla.org is not compatible with application version.
1549097556859	addons.xpi-utils	WARN	Add-on langpack-zh-CN@firefox.mozilla.org is not compatible with application version.
1549097556859	addons.xpi-utils	WARN	Add-on langpack-en-CA@firefox.mozilla.org is not compatible with application version.
1549097556859	addons.xpi-utils	WARN	Add-on langpack-en-ZA@firefox.mozilla.org is not compatible with application version.
1549097556859	addons.xpi-utils	WARN	Add-on langpack-en-GB@firefox.mozilla.org is not compatible with application version.
1549097556859	addons.xpi-utils	WARN	Add-on langpack-zh-CN@firefox.mozilla.org is not compatible with application version.
1549097556876	addons.xpi-utils	WARN	Add-on langpack-en-CA@firefox.mozilla.org is not compatible with application version.
1549097556876	addons.xpi-utils	WARN	Add-on langpack-en-ZA@firefox.mozilla.org is not compatible with application version.
1549097556876	addons.xpi-utils	WARN	Add-on langpack-en-GB@firefox.mozilla.org is not compatible with application version.
1549097556876	addons.xpi-utils	WARN	Add-on langpack-zh-CN@firefox.mozilla.org is not compatible with application version.
1549097559218	Marionette	INFO	Listening on port 37707
1549097559255	Marionette	WARN	TLS certificate errors will be ignored for this session
JavaScript error: , line 0: uncaught exception: TagError: adsbygoogle.push() error: No slot size for availableWidth=0
1549097602739	mozrunner::runner	INFO	Running command: "/usr/bin/firefox" "-marionette" "-foreground" "-no-remote" "-profile" "/tmp/rust_mozprofile.q6nYidiesvMj"
1549097603469	addons.xpi-utils	WARN	Add-on langpack-en-CA@firefox.mozilla.org is not compatible with application version.
1549097603469	addons.xpi-utils	WARN	Add-on langpack-en-CA@firefox.mozilla.org is not compatible with application version.
1549097603469	addons.xpi-utils	WARN	Add-on langpack-en-CA@firefox.mozilla.org is not compatible with application version.
1549097603480	addons.xpi-utils	WARN	Add-on langpack-en-ZA@firefox.mozilla.org is not compatible with application version.
1549097603481	addons.xpi-utils	WARN	Add-on langpack-en-ZA@firefox.mozilla.org is not compatible with application version.
1549097603481	addons.xpi-utils	WARN	Add-on langpack-en-ZA@firefox.mozilla.org is not compatible with application version.
1549097603492	addons.xpi-utils	WARN	Add-on langpack-en-GB@firefox.mozilla.org is not compatible with application version.
1549097603493	addons.xpi-utils	WARN	Add-on langpack-en-GB@firefox.mozilla.org is not compatible with application version.
1549097603494	addons.xpi-utils	WARN	Add-on langpack-en-GB@firefox.mozilla.org is not compatible with application version.
1549097603507	addons.xpi-utils	WARN	Add-on langpack-zh-CN@firefox.mozilla.org is not compatible with application version.
1549097603507	addons.xpi-utils	WARN	Add-on langpack-zh-CN@firefox.mozilla.org is not compatible with application version.
1549097603508	addons.xpi-utils	WARN	Add-on langpack-zh-CN@firefox.mozilla.org is not compatible with application version.
1549097603683	addons.xpi-utils	WARN	Add-on langpack-en-CA@firefox.mozilla.org is not compatible with application version.
1549097603683	addons.xpi-utils	WARN	Add-on langpack-en-ZA@firefox.mozilla.org is not compatible with application version.
1549097603683	addons.xpi-utils	WARN	Add-on langpack-en-GB@firefox.mozilla.org is not compatible with application version.
1549097603683	addons.xpi-utils	WARN	Add-on langpack-zh-CN@firefox.mozilla.org is not compatible with application version.
1549097603684	addons.xpi-utils	WARN	Add-on langpack-en-CA@firefox.mozilla.org is not compatible with application version.
1549097603684	addons.xpi-utils	WARN	Add-on langpack-en-ZA@firefox.mozilla.org is not compatible with application version.
1549097603684	addons.xpi-utils	WARN	Add-on langpack-en-GB@firefox.mozilla.org is not compatible with application version.
1549097603684	addons.xpi-utils	WARN	Add-on langpack-zh-CN@firefox.mozilla.org is not compatible with application version.
1549097603684	addons.xpi-utils	WARN	Add-on langpack-en-CA@firefox.mozilla.org is not compatible with application version.
1549097603684	addons.xpi-utils	WARN	Add-on langpack-en-ZA@firefox.mozilla.org is not compatible with application version.
1549097603684	addons.xpi-utils	WARN	Add-on langpack-en-GB@firefox.mozilla.org is not compatible with application version.
1549097603684	addons.xpi-utils	WARN	Add-on langpack-zh-CN@firefox.mozilla.org is not compatible with application version.
1549097603686	addons.xpi-utils	WARN	Add-on langpack-en-CA@firefox.mozilla.org is not compatible with application version.
1549097603686	addons.xpi-utils	WARN	Add-on langpack-en-ZA@firefox.mozilla.org is not compatible with application version.
1549097603686	addons.xpi-utils	WARN	Add-on langpack-en-GB@firefox.mozilla.org is not compatible with application version.
1549097603686	addons.xpi-utils	WARN	Add-on langpack-zh-CN@firefox.mozilla.org is not compatible with application version.
1549097603686	addons.xpi-utils	WARN	Add-on langpack-en-CA@firefox.mozilla.org is not compatible with application version.
1549097603686	addons.xpi-utils	WARN	Add-on langpack-en-ZA@firefox.mozilla.org is not compatible with application version.
1549097603686	addons.xpi-utils	WARN	Add-on langpack-en-GB@firefox.mozilla.org is not compatible with application version.
1549097603686	addons.xpi-utils	WARN	Add-on langpack-zh-CN@firefox.mozilla.org is not compatible with application version.
1549097603701	addons.xpi-utils	WARN	Add-on langpack-en-CA@firefox.mozilla.org is not compatible with application version.
1549097603701	addons.xpi-utils	WARN	Add-on langpack-en-ZA@firefox.mozilla.org is not compatible with application version.
1549097603701	addons.xpi-utils	WARN	Add-on langpack-en-GB@firefox.mozilla.org is not compatible with application version.
1549097603701	addons.xpi-utils	WARN	Add-on langpack-zh-CN@firefox.mozilla.org is not compatible with application version.
1549097605661	Marionette	INFO	Listening on port 37797
1549097605690	Marionette	WARN	TLS certificate errors will be ignored for this session
JavaScript error: , line 0: uncaught exception: TagError: adsbygoogle.push() error: No slot size for availableWidth=0
JavaScript error: https://play2048.co/js/html_actuator.js, line 151: ReferenceError: twttr is not defined
1549097691385	addons.xpi-utils	WARN	Add-on langpack-en-CA@firefox.mozilla.org is not compatible with application version.
1549097691394	addons.xpi-utils	WARN	Add-on langpack-en-ZA@firefox.mozilla.org is not compatible with application version.
1549097691396	addons.xpi-utils	WARN	Add-on langpack-en-GB@firefox.mozilla.org is not compatible with application version.
1549097691398	addons.xpi-utils	WARN	Add-on langpack-zh-CN@firefox.mozilla.org is not compatible with application version.
1549097691403	addons.xpi-utils	WARN	Add-on langpack-en-CA@firefox.mozilla.org is not compatible with application version.
1549097691403	addons.xpi-utils	WARN	Add-on langpack-en-ZA@firefox.mozilla.org is not compatible with application version.
1549097691404	addons.xpi-utils	WARN	Add-on langpack-en-GB@firefox.mozilla.org is not compatible with application version.
1549097691404	addons.xpi-utils	WARN	Add-on langpack-zh-CN@firefox.mozilla.org is not compatible with application version.
1549097824457	addons.xpi-utils	WARN	Add-on langpack-en-CA@firefox.mozilla.org is not compatible with application version.
1549097824465	addons.xpi-utils	WARN	Add-on langpack-en-ZA@firefox.mozilla.org is not compatible with application version.
1549097824467	addons.xpi-utils	WARN	Add-on langpack-en-GB@firefox.mozilla.org is not compatible with application version.
1549097824469	addons.xpi-utils	WARN	Add-on langpack-zh-CN@firefox.mozilla.org is not compatible with application version.
1549097877354	mozrunner::runner	INFO	Running command: "/usr/bin/firefox" "-marionette" "-foreground" "-no-remote" "-profile" "/tmp/rust_mozprofile.U5pQo0uR4wEt"
1549097878009	addons.xpi-utils	WARN	Add-on langpack-en-CA@firefox.mozilla.org is not compatible with application version.
1549097878009	addons.xpi-utils	WARN	Add-on langpack-en-CA@firefox.mozilla.org is not compatible with application version.
1549097878010	addons.xpi-utils	WARN	Add-on langpack-en-CA@firefox.mozilla.org is not compatible with application version.
1549097878023	addons.xpi-utils	WARN	Add-on langpack-en-ZA@firefox.mozilla.org is not compatible with application version.
1549097878023	addons.xpi-utils	WARN	Add-on langpack-en-ZA@firefox.mozilla.org is not compatible with application version.
1549097878024	addons.xpi-utils	WARN	Add-on langpack-en-ZA@firefox.mozilla.org is not compatible with application version.
1549097878040	addons.xpi-utils	WARN	Add-on langpack-en-GB@firefox.mozilla.org is not compatible with application version.
1549097878040	addons.xpi-utils	WARN	Add-on langpack-en-GB@firefox.mozilla.org is not compatible with application version.
1549097878041	addons.xpi-utils	WARN	Add-on langpack-en-GB@firefox.mozilla.org is not compatible with application version.
1549097878050	addons.xpi-utils	WARN	Add-on langpack-zh-CN@firefox.mozilla.org is not compatible with application version.
1549097878050	addons.xpi-utils	WARN	Add-on langpack-zh-CN@firefox.mozilla.org is not compatible with application version.
1549097878051	addons.xpi-utils	WARN	Add-on langpack-zh-CN@firefox.mozilla.org is not compatible with application version.
1549097878221	addons.xpi-utils	WARN	Add-on langpack-en-CA@firefox.mozilla.org is not compatible with application version.
1549097878221	addons.xpi-utils	WARN	Add-on langpack-en-ZA@firefox.mozilla.org is not compatible with application version.
1549097878221	addons.xpi-utils	WARN	Add-on langpack-en-GB@firefox.mozilla.org is not compatible with application version.
1549097878222	addons.xpi-utils	WARN	Add-on langpack-zh-CN@firefox.mozilla.org is not compatible with application version.
1549097878224	addons.xpi-utils	WARN	Add-on langpack-en-CA@firefox.mozilla.org is not compatible with application version.
1549097878224	addons.xpi-utils	WARN	Add-on langpack-en-ZA@firefox.mozilla.org is not compatible with application version.
1549097878224	addons.xpi-utils	WARN	Add-on langpack-en-GB@firefox.mozilla.org is not compatible with application version.
1549097878224	addons.xpi-utils	WARN	Add-on langpack-zh-CN@firefox.mozilla.org is not compatible with application version.
1549097878225	addons.xpi-utils	WARN	Add-on langpack-en-CA@firefox.mozilla.org is not compatible with application version.
1549097878225	addons.xpi-utils	WARN	Add-on langpack-en-ZA@firefox.mozilla.org is not compatible with application version.
1549097878225	addons.xpi-utils	WARN	Add-on langpack-en-GB@firefox.mozilla.org is not compatible with application version.
1549097878225	addons.xpi-utils	WARN	Add-on langpack-zh-CN@firefox.mozilla.org is not compatible with application version.
1549097878226	addons.xpi-utils	WARN	Add-on langpack-en-CA@firefox.mozilla.org is not compatible with application version.
1549097878226	addons.xpi-utils	WARN	Add-on langpack-en-ZA@firefox.mozilla.org is not compatible with application version.
1549097878226	addons.xpi-utils	WARN	Add-on langpack-en-GB@firefox.mozilla.org is not compatible with application version.
1549097878226	addons.xpi-utils	WARN	Add-on langpack-zh-CN@firefox.mozilla.org is not compatible with application version.
1549097878226	addons.xpi-utils	WARN	Add-on langpack-en-CA@firefox.mozilla.org is not compatible with application version.
1549097878226	addons.xpi-utils	WARN	Add-on langpack-en-ZA@firefox.mozilla.org is not compatible with application version.
1549097878227	addons.xpi-utils	WARN	Add-on langpack-en-GB@firefox.mozilla.org is not compatible with application version.
1549097878227	addons.xpi-utils	WARN	Add-on langpack-zh-CN@firefox.mozilla.org is not compatible with application version.
1549097878241	addons.xpi-utils	WARN	Add-on langpack-en-CA@firefox.mozilla.org is not compatible with application version.
1549097878241	addons.xpi-utils	WARN	Add-on langpack-en-ZA@firefox.mozilla.org is not compatible with application version.
1549097878241	addons.xpi-utils	WARN	Add-on langpack-en-GB@firefox.mozilla.org is not compatible with application version.
1549097878242	addons.xpi-utils	WARN	Add-on langpack-zh-CN@firefox.mozilla.org is not compatible with application version.
1549097880298	Marionette	INFO	Listening on port 33665
1549097880391	Marionette	WARN	TLS certificate errors will be ignored for this session
JavaScript error: , line 0: uncaught exception: TagError: adsbygoogle.push() error: No slot size for availableWidth=0
JavaScript error: https://play2048.co/js/html_actuator.js, line 151: ReferenceError: twttr is not defined
1549098120285	mozrunner::runner	INFO	Running command: "/usr/bin/firefox" "-marionette" "-foreground" "-no-remote" "-profile" "/tmp/rust_mozprofile.0RICnGaqzngl"
1549098120935	addons.xpi-utils	WARN	Add-on langpack-en-CA@firefox.mozilla.org is not compatible with application version.
1549098120935	addons.xpi-utils	WARN	Add-on langpack-en-CA@firefox.mozilla.org is not compatible with application version.
1549098120936	addons.xpi-utils	WARN	Add-on langpack-en-CA@firefox.mozilla.org is not compatible with application version.
1549098120947	addons.xpi-utils	WARN	Add-on langpack-en-ZA@firefox.mozilla.org is not compatible with application version.
1549098120947	addons.xpi-utils	WARN	Add-on langpack-en-ZA@firefox.mozilla.org is not compatible with application version.
1549098120948	addons.xpi-utils	WARN	Add-on langpack-en-ZA@firefox.mozilla.org is not compatible with application version.
1549098120959	addons.xpi-utils	WARN	Add-on langpack-en-GB@firefox.mozilla.org is not compatible with application version.
1549098120959	addons.xpi-utils	WARN	Add-on langpack-en-GB@firefox.mozilla.org is not compatible with application version.
1549098120960	addons.xpi-utils	WARN	Add-on langpack-en-GB@firefox.mozilla.org is not compatible with application version.
1549098120974	addons.xpi-utils	WARN	Add-on langpack-zh-CN@firefox.mozilla.org is not compatible with application version.
1549098120974	addons.xpi-utils	WARN	Add-on langpack-zh-CN@firefox.mozilla.org is not compatible with application version.
1549098120975	addons.xpi-utils	WARN	Add-on langpack-zh-CN@firefox.mozilla.org is not compatible with application version.
1549098121219	addons.xpi-utils	WARN	Add-on langpack-en-CA@firefox.mozilla.org is not compatible with application version.
1549098121219	addons.xpi-utils	WARN	Add-on langpack-en-ZA@firefox.mozilla.org is not compatible with application version.
1549098121220	addons.xpi-utils	WARN	Add-on langpack-en-GB@firefox.mozilla.org is not compatible with application version.
1549098121220	addons.xpi-utils	WARN	Add-on langpack-zh-CN@firefox.mozilla.org is not compatible with application version.
1549098121220	addons.xpi-utils	WARN	Add-on langpack-en-CA@firefox.mozilla.org is not compatible with application version.
1549098121220	addons.xpi-utils	WARN	Add-on langpack-en-ZA@firefox.mozilla.org is not compatible with application version.
1549098121220	addons.xpi-utils	WARN	Add-on langpack-en-GB@firefox.mozilla.org is not compatible with application version.
1549098121220	addons.xpi-utils	WARN	Add-on langpack-zh-CN@firefox.mozilla.org is not compatible with application version.
1549098121220	addons.xpi-utils	WARN	Add-on langpack-en-CA@firefox.mozilla.org is not compatible with application version.
1549098121221	addons.xpi-utils	WARN	Add-on langpack-en-ZA@firefox.mozilla.org is not compatible with application version.
1549098121221	addons.xpi-utils	WARN	Add-on langpack-en-GB@firefox.mozilla.org is not compatible with application version.
1549098121221	addons.xpi-utils	WARN	Add-on langpack-zh-CN@firefox.mozilla.org is not compatible with application version.
1549098121224	addons.xpi-utils	WARN	Add-on langpack-en-CA@firefox.mozilla.org is not compatible with application version.
1549098121224	addons.xpi-utils	WARN	Add-on langpack-en-ZA@firefox.mozilla.org is not compatible with application version.
1549098121224	addons.xpi-utils	WARN	Add-on langpack-en-GB@firefox.mozilla.org is not compatible with application version.
1549098121224	addons.xpi-utils	WARN	Add-on langpack-zh-CN@firefox.mozilla.org is not compatible with application version.
1549098121225	addons.xpi-utils	WARN	Add-on langpack-en-CA@firefox.mozilla.org is not compatible with application version.
1549098121225	addons.xpi-utils	WARN	Add-on langpack-en-ZA@firefox.mozilla.org is not compatible with application version.
1549098121225	addons.xpi-utils	WARN	Add-on langpack-en-GB@firefox.mozilla.org is not compatible with application version.
1549098121225	addons.xpi-utils	WARN	Add-on langpack-zh-CN@firefox.mozilla.org is not compatible with application version.
1549098121239	addons.xpi-utils	WARN	Add-on langpack-en-CA@firefox.mozilla.org is not compatible with application version.
1549098121239	addons.xpi-utils	WARN	Add-on langpack-en-ZA@firefox.mozilla.org is not compatible with application version.
1549098121239	addons.xpi-utils	WARN	Add-on langpack-en-GB@firefox.mozilla.org is not compatible with application version.
1549098121239	addons.xpi-utils	WARN	Add-on langpack-zh-CN@firefox.mozilla.org is not compatible with application version.
1549098123093	Marionette	INFO	Listening on port 37979
1549098123120	Marionette	WARN	TLS certificate errors will be ignored for this session
JavaScript error: , line 0: uncaught exception: TagError: adsbygoogle.push() error: No slot size for availableWidth=0
JavaScript error: https://play2048.co/js/html_actuator.js, line 151: ReferenceError: twttr is not defined
1549098193565	mozrunner::runner	INFO	Running command: "/usr/bin/firefox" "-marionette" "-foreground" "-no-remote" "-profile" "/tmp/rust_mozprofile.VzsXeBMsWOcY"
1549098194313	addons.xpi-utils	WARN	Add-on langpack-en-CA@firefox.mozilla.org is not compatible with application version.
1549098194314	addons.xpi-utils	WARN	Add-on langpack-en-CA@firefox.mozilla.org is not compatible with application version.
1549098194314	addons.xpi-utils	WARN	Add-on langpack-en-CA@firefox.mozilla.org is not compatible with application version.
1549098194325	addons.xpi-utils	WARN	Add-on langpack-en-ZA@firefox.mozilla.org is not compatible with application version.
1549098194325	addons.xpi-utils	WARN	Add-on langpack-en-ZA@firefox.mozilla.org is not compatible with application version.
1549098194326	addons.xpi-utils	WARN	Add-on langpack-en-ZA@firefox.mozilla.org is not compatible with application version.
1549098194343	addons.xpi-utils	WARN	Add-on langpack-en-GB@firefox.mozilla.org is not compatible with application version.
1549098194343	addons.xpi-utils	WARN	Add-on langpack-en-GB@firefox.mozilla.org is not compatible with application version.
1549098194344	addons.xpi-utils	WARN	Add-on langpack-en-GB@firefox.mozilla.org is not compatible with application version.
1549098194353	addons.xpi-utils	WARN	Add-on langpack-zh-CN@firefox.mozilla.org is not compatible with application version.
1549098194353	addons.xpi-utils	WARN	Add-on langpack-zh-CN@firefox.mozilla.org is not compatible with application version.
1549098194353	addons.xpi-utils	WARN	Add-on langpack-zh-CN@firefox.mozilla.org is not compatible with application version.
1549098194529	addons.xpi-utils	WARN	Add-on langpack-en-CA@firefox.mozilla.org is not compatible with application version.
1549098194529	addons.xpi-utils	WARN	Add-on langpack-en-ZA@firefox.mozilla.org is not compatible with application version.
1549098194529	addons.xpi-utils	WARN	Add-on langpack-en-GB@firefox.mozilla.org is not compatible with application version.
1549098194529	addons.xpi-utils	WARN	Add-on langpack-zh-CN@firefox.mozilla.org is not compatible with application version.
1549098194530	addons.xpi-utils	WARN	Add-on langpack-en-CA@firefox.mozilla.org is not compatible with application version.
1549098194530	addons.xpi-utils	WARN	Add-on langpack-en-ZA@firefox.mozilla.org is not compatible with application version.
1549098194530	addons.xpi-utils	WARN	Add-on langpack-en-GB@firefox.mozilla.org is not compatible with application version.
1549098194530	addons.xpi-utils	WARN	Add-on langpack-zh-CN@firefox.mozilla.org is not compatible with application version.
1549098194530	addons.xpi-utils	WARN	Add-on langpack-en-CA@firefox.mozilla.org is not compatible with application version.
1549098194530	addons.xpi-utils	WARN	Add-on langpack-en-ZA@firefox.mozilla.org is not compatible with application version.
1549098194530	addons.xpi-utils	WARN	Add-on langpack-en-GB@firefox.mozilla.org is not compatible with application version.
1549098194530	addons.xpi-utils	WARN	Add-on langpack-zh-CN@firefox.mozilla.org is not compatible with application version.
1549098194532	addons.xpi-utils	WARN	Add-on langpack-en-CA@firefox.mozilla.org is not compatible with application version.
1549098194532	addons.xpi-utils	WARN	Add-on langpack-en-ZA@firefox.mozilla.org is not compatible with application version.
1549098194532	addons.xpi-utils	WARN	Add-on langpack-en-GB@firefox.mozilla.org is not compatible with application version.
1549098194532	addons.xpi-utils	WARN	Add-on langpack-zh-CN@firefox.mozilla.org is not compatible with application version.
1549098194532	addons.xpi-utils	WARN	Add-on langpack-en-CA@firefox.mozilla.org is not compatible with application version.
1549098194532	addons.xpi-utils	WARN	Add-on langpack-en-ZA@firefox.mozilla.org is not compatible with application version.
1549098194532	addons.xpi-utils	WARN	Add-on langpack-en-GB@firefox.mozilla.org is not compatible with application version.
1549098194532	addons.xpi-utils	WARN	Add-on langpack-zh-CN@firefox.mozilla.org is not compatible with application version.
1549098194547	addons.xpi-utils	WARN	Add-on langpack-en-CA@firefox.mozilla.org is not compatible with application version.
1549098194547	addons.xpi-utils	WARN	Add-on langpack-en-ZA@firefox.mozilla.org is not compatible with application version.
1549098194547	addons.xpi-utils	WARN	Add-on langpack-en-GB@firefox.mozilla.org is not compatible with application version.
1549098194547	addons.xpi-utils	WARN	Add-on langpack-zh-CN@firefox.mozilla.org is not compatible with application version.
1549098200404	Marionette	INFO	Listening on port 34097
1549098200470	Marionette	WARN	TLS certificate errors will be ignored for this session
JavaScript error: , line 0: uncaught exception: TagError: adsbygoogle.push() error: No slot size for availableWidth=0
JavaScript error: https://play2048.co/js/html_actuator.js, line 151: ReferenceError: twttr is not defined
1549098283630	mozrunner::runner	INFO	Running command: "/usr/bin/firefox" "-marionette" "-foreground" "-no-remote" "-profile" "/tmp/rust_mozprofile.k5i61WK5wB5l"
1549098284282	addons.xpi-utils	WARN	Add-on langpack-en-CA@firefox.mozilla.org is not compatible with application version.
1549098284282	addons.xpi-utils	WARN	Add-on langpack-en-CA@firefox.mozilla.org is not compatible with application version.
1549098284283	addons.xpi-utils	WARN	Add-on langpack-en-CA@firefox.mozilla.org is not compatible with application version.
1549098284294	addons.xpi-utils	WARN	Add-on langpack-en-ZA@firefox.mozilla.org is not compatible with application version.
1549098284295	addons.xpi-utils	WARN	Add-on langpack-en-ZA@firefox.mozilla.org is not compatible with application version.
1549098284295	addons.xpi-utils	WARN	Add-on langpack-en-ZA@firefox.mozilla.org is not compatible with application version.
1549098284307	addons.xpi-utils	WARN	Add-on langpack-en-GB@firefox.mozilla.org is not compatible with application version.
1549098284307	addons.xpi-utils	WARN	Add-on langpack-en-GB@firefox.mozilla.org is not compatible with application version.
1549098284309	addons.xpi-utils	WARN	Add-on langpack-en-GB@firefox.mozilla.org is not compatible with application version.
1549098284322	addons.xpi-utils	WARN	Add-on langpack-zh-CN@firefox.mozilla.org is not compatible with application version.
1549098284322	addons.xpi-utils	WARN	Add-on langpack-zh-CN@firefox.mozilla.org is not compatible with application version.
1549098284323	addons.xpi-utils	WARN	Add-on langpack-zh-CN@firefox.mozilla.org is not compatible with application version.
1549098284503	addons.xpi-utils	WARN	Add-on langpack-en-CA@firefox.mozilla.org is not compatible with application version.
1549098284503	addons.xpi-utils	WARN	Add-on langpack-en-ZA@firefox.mozilla.org is not compatible with application version.
1549098284503	addons.xpi-utils	WARN	Add-on langpack-en-GB@firefox.mozilla.org is not compatible with application version.
1549098284503	addons.xpi-utils	WARN	Add-on langpack-zh-CN@firefox.mozilla.org is not compatible with application version.
1549098284504	addons.xpi-utils	WARN	Add-on langpack-en-CA@firefox.mozilla.org is not compatible with application version.
1549098284504	addons.xpi-utils	WARN	Add-on langpack-en-ZA@firefox.mozilla.org is not compatible with application version.
1549098284504	addons.xpi-utils	WARN	Add-on langpack-en-GB@firefox.mozilla.org is not compatible with application version.
1549098284504	addons.xpi-utils	WARN	Add-on langpack-zh-CN@firefox.mozilla.org is not compatible with application version.
1549098284504	addons.xpi-utils	WARN	Add-on langpack-en-CA@firefox.mozilla.org is not compatible with application version.
1549098284504	addons.xpi-utils	WARN	Add-on langpack-en-ZA@firefox.mozilla.org is not compatible with application version.
1549098284504	addons.xpi-utils	WARN	Add-on langpack-en-GB@firefox.mozilla.org is not compatible with application version.
1549098284504	addons.xpi-utils	WARN	Add-on langpack-zh-CN@firefox.mozilla.org is not compatible with application version.
1549098284506	addons.xpi-utils	WARN	Add-on langpack-en-CA@firefox.mozilla.org is not compatible with application version.
1549098284506	addons.xpi-utils	WARN	Add-on langpack-en-ZA@firefox.mozilla.org is not compatible with application version.
1549098284506	addons.xpi-utils	WARN	Add-on langpack-en-GB@firefox.mozilla.org is not compatible with application version.
1549098284506	addons.xpi-utils	WARN	Add-on langpack-zh-CN@firefox.mozilla.org is not compatible with application version.
1549098284506	addons.xpi-utils	WARN	Add-on langpack-en-CA@firefox.mozilla.org is not compatible with application version.
1549098284506	addons.xpi-utils	WARN	Add-on langpack-en-ZA@firefox.mozilla.org is not compatible with application version.
1549098284506	addons.xpi-utils	WARN	Add-on langpack-en-GB@firefox.mozilla.org is not compatible with application version.
1549098284506	addons.xpi-utils	WARN	Add-on langpack-zh-CN@firefox.mozilla.org is not compatible with application version.
1549098284521	addons.xpi-utils	WARN	Add-on langpack-en-CA@firefox.mozilla.org is not compatible with application version.
1549098284521	addons.xpi-utils	WARN	Add-on langpack-en-ZA@firefox.mozilla.org is not compatible with application version.
1549098284521	addons.xpi-utils	WARN	Add-on langpack-en-GB@firefox.mozilla.org is not compatible with application version.
1549098284521	addons.xpi-utils	WARN	Add-on langpack-zh-CN@firefox.mozilla.org is not compatible with application version.
1549098286110	Marionette	INFO	Listening on port 33423
1549098286168	Marionette	WARN	TLS certificate errors will be ignored for this session
JavaScript error: , line 0: uncaught exception: TagError: adsbygoogle.push() error: No slot size for availableWidth=0
JavaScript error: https://play2048.co/js/html_actuator.js, line 151: ReferenceError: twttr is not defined
JavaScript error: https://play2048.co/js/html_actuator.js, line 151: ReferenceError: twttr is not defined
